#
# A fatal error has been detected by the Java Runtime Environment:
#
#  EXCEPTION_ACCESS_VIOLATION (0xc0000005) at pc=0x00007ff9e9f1b386, pid=17164, tid=16768
#
# JRE version: OpenJDK Runtime Environment Temurin-21.0.4+7 (21.0.4+7) (build 21.0.4+7-LTS)
# Java VM: OpenJDK 64-Bit Server VM Temurin-21.0.4+7 (21.0.4+7-LTS, mixed mode, sharing, tiered, compressed oops, compressed class ptrs, g1 gc, windows-amd64)
# Problematic frame:
# C  [igxelpicd64.dll+0x23b386]
#
# No core dump will be written. Minidumps are not enabled by default on client versions of Windows
#
# If you would like to submit a bug report, please visit:
#   https://github.com/adoptium/adoptium-support/issues
#

---------------  S U M M A R Y ------------

Command Line: -Dfile.encoding=UTF-8 -Duser.country=IN -Duser.language=en -Duser.variant -ea Main

Host: 11th Gen Intel(R) Core(TM) i5-11400H @ 2.70GHz, 12 cores, 15G,  Windows 11 , 64 bit Build 22621 (10.0.22621.3958)
Time: Sat Oct 12 20:28:07 2024 India Standard Time elapsed time: 0.829940 seconds (0d 0h 0m 0s)

---------------  T H R E A D  ---------------

Current thread (0x0000022d2f87cc30):  VMThread "VM Thread"          [id=16768, stack(0x00000038bbc00000,0x00000038bbd00000) (1024K)]

Stack: [0x00000038bbc00000,0x00000038bbd00000],  sp=0x00000038bbcfe490,  free space=1017k
Native frames: (J=compiled Java code, j=interpreted, Vv=VM code, C=native code)
C  [igxelpicd64.dll+0x23b386]


siginfo: EXCEPTION_ACCESS_VIOLATION (0xc0000005), reading address 0x0000000000035468


Registers:
RAX=0x0000022d7e3f0010, RBX=0x0000022d2f2ebfd0, RCX=0x0000000000000000, RDX=0x0000000000000000
RSP=0x00000038bbcfe490, RBP=0x0000000000000000, RSI=0x0000022d7e3eff10, RDI=0x0000022d2fa3d910
R8 =0x0000022d7e3f0010, R9 =0x0000000000000000, R10=0x0000000000000000, R11=0x0000000000000246
R12=0x0000022d7e3eff10, R13=0x0000000000000000, R14=0x0000022d7e3f0458, R15=0x0000022d7e3eb950
RIP=0x00007ff9e9f1b386, EFLAGS=0x0000000000010202


Register to memory mapping:

RAX=0x0000022d7e3f0010 points into unknown readable memory: 0x0000000000000045 | 45 00 00 00 00 00 00 00
RBX=0x0000022d2f2ebfd0 points into unknown readable memory: 0xffffffffffffffff | ff ff ff ff ff ff ff ff
RCX=0x0 is null
RDX=0x0 is null
RSP=0x00000038bbcfe490 points into unknown readable memory: 0x0000022d2f2ebfd0 | d0 bf 2e 2f 2d 02 00 00
RBP=0x0 is null
RSI=0x0000022d7e3eff10 points into unknown readable memory: 0x0000022d751998f0 | f0 98 19 75 2d 02 00 00
RDI=0x0000022d2fa3d910 points into unknown readable memory: 0x0000000000000000 | 00 00 00 00 00 00 00 00
R8 =0x0000022d7e3f0010 points into unknown readable memory: 0x0000000000000045 | 45 00 00 00 00 00 00 00
R9 =0x0 is null
R10=0x0 is null
R11=0x0000000000000246 is an unknown value
R12=0x0000022d7e3eff10 points into unknown readable memory: 0x0000022d751998f0 | f0 98 19 75 2d 02 00 00
R13=0x0 is null
R14=0x0000022d7e3f0458 points into unknown readable memory: 0x0000022d7e3eb950 | 50 b9 3e 7e 2d 02 00 00
R15=0x0000022d7e3eb950 points into unknown readable memory: 0x0000022d751998f0 | f0 98 19 75 2d 02 00 00

Top of Stack: (sp=0x00000038bbcfe490)
0x00000038bbcfe490:   0000022d2f2ebfd0 0000000000000000
0x00000038bbcfe4a0:   0000000000000000 0000000000000000
0x00000038bbcfe4b0:   0000001600000000 0000000000000000
0x00000038bbcfe4c0:   0000000000000000 0000000000000000
0x00000038bbcfe4d0:   0000022d2f2ebfd0 0000000000000000
0x00000038bbcfe4e0:   0000000000000000 0000000000000000
0x00000038bbcfe4f0:   0000000000000000 0000000000000000
0x00000038bbcfe500:   0000000000000000 0000000000000000
0x00000038bbcfe510:   0000000000000000 0000000000000000
0x00000038bbcfe520:   0000000000000000 0000000000000000
0x00000038bbcfe530:   0000000000000000 0000000000000000
0x00000038bbcfe540:   0000000000000000 00007ffa82c85a21
0x00000038bbcfe550:   0000000000000000 0000000000000000
0x00000038bbcfe560:   0000000000000000 00007ffa82c85a21
0x00000038bbcfe570:   0000000000000000 00007ffa82c94004
0x00000038bbcfe580:   0000000000000000 0000000000000000
0x00000038bbcfe590:   00000038bbcfe730 00007ffa80a342a9
0x00000038bbcfe5a0:   00000038bbcfe628 0000000000000000
0x00000038bbcfe5b0:   0000000000000054 0000000000000000
0x00000038bbcfe5c0:   00000038baf01000 00007ffa82c94174
0x00000038bbcfe5d0:   0000000000000001 00007ffa82c81dd1
0x00000038bbcfe5e0:   000040644c28de45 00007ffa82c0d884
0x00000038bbcfe5f0:   0000022d7558edf8 0000000000000046
0x00000038bbcfe600:   0000000000000000 000000000000000e
0x00000038bbcfe610:   0000000000000000 0000000000000000
0x00000038bbcfe620:   00000038bbcfe730 00007ff9e9f482ae
0x00000038bbcfe630:   0000022d2fa3d910 0000000000000000
0x00000038bbcfe640:   0000022d2fa3d910 0000000000000000
0x00000038bbcfe650:   0000003800000f4c 0000b80200000000
0x00000038bbcfe660:   0000000000000000 00000038bbcfe7f0
0x00000038bbcfe670:   0000000000000002 0000000000000000
0x00000038bbcfe680:   000035d72f992f8d 000035d72f992c4d 

Instructions: (pc=0x00007ff9e9f1b386)
0x00007ff9e9f1b286:   00 90 4c 8b bf 80 02 00 00 48 8b 05 9a 85 bd 00
0x00007ff9e9f1b296:   8b 80 c8 0a 00 00 89 44 24 24 c6 44 24 20 00 48
0x00007ff9e9f1b2a6:   c7 87 80 02 00 00 00 00 00 00 c7 87 88 02 00 00
0x00007ff9e9f1b2b6:   00 00 00 00 48 c7 87 a0 02 00 00 00 00 00 00 48
0x00007ff9e9f1b2c6:   c7 87 90 02 00 00 00 00 00 00 48 85 ed 75 3d 8b
0x00007ff9e9f1b2d6:   35 0d 77 cd 00 65 48 8b 04 25 58 00 00 00 b9 14
0x00007ff9e9f1b2e6:   00 00 00 48 8b 04 f0 40 38 2c 01 0f 84 c9 e7 75
0x00007ff9e9f1b2f6:   00 65 48 8b 04 25 58 00 00 00 bd 20 00 00 00 48
0x00007ff9e9f1b306:   8b 04 f0 48 8b 2c 28 48 89 6c 24 28 48 3b 2d 07
0x00007ff9e9f1b316:   9b cd 00 0f 84 9b 10 00 00 4d 85 ff 0f 84 3a 01
0x00007ff9e9f1b326:   00 00 0f 1f 84 00 00 00 00 00 49 8b f7 4d 8b e7
0x00007ff9e9f1b336:   4d 8d b7 48 05 00 00 4d 8b 3e 45 84 ed 0f 85 d9
0x00007ff9e9f1b346:   0e 00 00 8b 8f d0 01 00 00 48 8b 05 da 84 bd 00
0x00007ff9e9f1b356:   83 b8 64 03 00 00 02 75 34 4d 8d 84 24 00 01 00
0x00007ff9e9f1b366:   00 83 f9 10 0f 83 3a 01 00 00 8b c1 48 c1 e0 06
0x00007ff9e9f1b376:   49 03 c0 48 85 c0 0f 84 9b 01 00 00 48 8b 50 08
0x00007ff9e9f1b386:   48 3b 95 68 54 03 00 0f 87 b6 0e 00 00 48 83 be
0x00007ff9e9f1b396:   c0 05 00 00 00 0f 85 50 e7 75 00 44 8b 8f d0 01
0x00007ff9e9f1b3a6:   00 00 48 8b 87 e8 01 00 00 4c 8b 00 8b 8f d0 01
0x00007ff9e9f1b3b6:   00 00 48 8d 9e 00 01 00 00 83 f9 10 0f 83 1e 01
0x00007ff9e9f1b3c6:   00 00 8b c1 48 c1 e0 06 48 03 c3 48 85 c0 0f 84
0x00007ff9e9f1b3d6:   4a 01 00 00 4c 39 40 08 0f 86 40 01 00 00 48 8b
0x00007ff9e9f1b3e6:   87 80 02 00 00 49 89 06 48 89 b7 80 02 00 00 ff
0x00007ff9e9f1b3f6:   87 88 02 00 00 48 8b 4e 08 48 8b 01 ba 01 00 00
0x00007ff9e9f1b406:   00 48 8b 80 e0 02 00 00 ff 15 f4 c1 88 00 0f b7
0x00007ff9e9f1b416:   c8 48 2b c1 48 05 00 00 01 00 48 01 87 90 02 00
0x00007ff9e9f1b426:   00 48 8b 4e 08 48 8b 01 ba 01 00 00 00 48 8b 80
0x00007ff9e9f1b436:   e0 02 00 00 ff 15 c8 c1 88 00 48 01 87 a0 02 00
0x00007ff9e9f1b446:   00 0f b6 54 24 20 4d 85 ff 0f 85 db fe ff ff 84
0x00007ff9e9f1b456:   d2 0f 85 37 0f 00 00 48 8b 5c 24 40 48 8b cf 80
0x00007ff9e9f1b466:   7c 24 22 00 0f 85 40 0f 00 00 e8 3b f9 ff ff 90
0x00007ff9e9f1b476:   48 8b cb ff 15 99 bc 88 00 48 8b 8c 24 50 01 00 


Stack slot to memory mapping:

stack at sp + 0 slots: 0x0000022d2f2ebfd0 points into unknown readable memory: 0xffffffffffffffff | ff ff ff ff ff ff ff ff
stack at sp + 1 slots: 0x0 is null
stack at sp + 2 slots: 0x0 is null
stack at sp + 3 slots: 0x0 is null
stack at sp + 4 slots: 0x0000001600000000 is an unknown value
stack at sp + 5 slots: 0x0 is null
stack at sp + 6 slots: 0x0 is null
stack at sp + 7 slots: 0x0 is null

VM_Operation (0x00000038bb5fe730): Exit, mode: safepoint, requested by thread 0x0000022d0dca7d70


---------------  P R O C E S S  ---------------

Threads class SMR info:
_java_thread_list=0x0000022d2fa1f180, length=11, elements={
0x0000022d0dca7d70, 0x0000022d2f8944c0, 0x0000022d2f896220, 0x0000022d2f89af80,
0x0000022d2f89e650, 0x0000022d2f89f2d0, 0x0000022d2f8a1330, 0x0000022d2f8ad940,
0x0000022d2f8b19e0, 0x0000022d2fa3fa80, 0x0000022d2fa412c0
}

Java Threads: ( => current thread )
  0x0000022d0dca7d70 JavaThread "main"                              [_thread_blocked, id=8084, stack(0x00000038bb500000,0x00000038bb600000) (1024K)]
  0x0000022d2f8944c0 JavaThread "Reference Handler"          daemon [_thread_blocked, id=5200, stack(0x00000038bbd00000,0x00000038bbe00000) (1024K)]
  0x0000022d2f896220 JavaThread "Finalizer"                  daemon [_thread_blocked, id=15152, stack(0x00000038bbe00000,0x00000038bbf00000) (1024K)]
  0x0000022d2f89af80 JavaThread "Signal Dispatcher"          daemon [_thread_blocked, id=13036, stack(0x00000038bbf00000,0x00000038bc000000) (1024K)]
  0x0000022d2f89e650 JavaThread "Attach Listener"            daemon [_thread_blocked, id=12460, stack(0x00000038bc000000,0x00000038bc100000) (1024K)]
  0x0000022d2f89f2d0 JavaThread "Service Thread"             daemon [_thread_blocked, id=756, stack(0x00000038bc100000,0x00000038bc200000) (1024K)]
  0x0000022d2f8a1330 JavaThread "Monitor Deflation Thread"   daemon [_thread_blocked, id=3928, stack(0x00000038bc200000,0x00000038bc300000) (1024K)]
  0x0000022d2f8ad940 JavaThread "C2 CompilerThread0"         daemon [_thread_blocked, id=4264, stack(0x00000038bc300000,0x00000038bc400000) (1024K)]
  0x0000022d2f8b19e0 JavaThread "C1 CompilerThread0"         daemon [_thread_blocked, id=17176, stack(0x00000038bc400000,0x00000038bc500000) (1024K)]
  0x0000022d2fa3fa80 JavaThread "Notification Thread"        daemon [_thread_blocked, id=8928, stack(0x00000038bc500000,0x00000038bc600000) (1024K)]
  0x0000022d2fa412c0 JavaThread "Common-Cleaner"             daemon [_thread_blocked, id=9340, stack(0x00000038bc600000,0x00000038bc700000) (1024K)]
Total: 11

Other Threads:
=>0x0000022d2f87cc30 VMThread "VM Thread"                           [id=16768, stack(0x00000038bbc00000,0x00000038bbd00000) (1024K)]
  0x0000022d10124c80 WorkerThread "GC Thread#0"                     [id=12196, stack(0x00000038bb600000,0x00000038bb700000) (1024K)]
  0x0000022d101358f0 ConcurrentGCThread "G1 Main Marker"            terminated
  0x0000022d101363f0 WorkerThread "G1 Conc#0"                       [id=2748, stack(0x00000038bb800000,0x00000038bb900000) (1024K)]
  0x0000022d2f2f4840 ConcurrentGCThread "G1 Refine#0"               terminated
  0x0000022d2f2f53b0 ConcurrentGCThread "G1 Service"                terminated
Total: 6

Threads with active compile tasks:
Total: 0

VM state: at safepoint (shutting down)

VM Mutex/Monitor currently owned by a thread:  ([mutex/lock_event])
[0x00007ffa07e77308] Threads_lock - owner thread: 0x0000022d2f87cc30
[0x00007ffa07e77408] Heap_lock - owner thread: 0x0000022d0dca7d70

Heap address: 0x0000000703600000, size: 4042 MB, Compressed Oops mode: Zero based, Oop shift amount: 3

CDS archive(s) mapped at: [0x0000022d30000000-0x0000022d30c90000-0x0000022d30c90000), size 13172736, SharedBaseAddress: 0x0000022d30000000, ArchiveRelocationMode: 1.
Compressed class space mapped at: 0x0000022d31000000-0x0000022d71000000, reserved size: 1073741824
Narrow klass base: 0x0000022d30000000, Narrow klass shift: 0, Narrow klass range: 0x100000000

GC Precious Log:
 CardTable entry size: 512
 Card Set container configuration: InlinePtr #cards 4 size 8 Array Of Cards #cards 16 size 48 Howl #buckets 8 coarsen threshold 3686 Howl Bitmap #cards 512 size 80 coarsen threshold 460 Card regions per heap region 1 cards per card region 4096
 CPUs: 12 total, 12 available
 Memory: 16163M
 Large Page Support: Disabled
 NUMA Support: Disabled
 Compressed Oops: Enabled (Zero based)
 Heap Region Size: 2M
 Heap Min Capacity: 8M
 Heap Initial Capacity: 254M
 Heap Max Capacity: 4042M
 Pre-touch: Disabled
 Parallel Workers: 10
 Concurrent Workers: 3
 Concurrent Refinement Workers: 10
 Periodic GC: Disabled

Heap:
 garbage-first heap   total 260096K, used 12288K [0x0000000703600000, 0x0000000800000000)
  region size 2048K, 7 young (14336K), 0 survivors (0K)
 Metaspace       used 5844K, committed 6080K, reserved 1114112K
  class space    used 323K, committed 448K, reserved 1048576K

Heap Regions: E=young(eden), S=young(survivor), O=old, HS=humongous(starts), HC=humongous(continues), CS=collection set, F=free, TAMS=top-at-mark-start, PB=parsable bottom
|   0|0x0000000703600000, 0x0000000703600000, 0x0000000703800000|  0%| F|  |TAMS 0x0000000703600000| PB 0x0000000703600000| Untracked 
|   1|0x0000000703800000, 0x0000000703800000, 0x0000000703a00000|  0%| F|  |TAMS 0x0000000703800000| PB 0x0000000703800000| Untracked 
|   2|0x0000000703a00000, 0x0000000703a00000, 0x0000000703c00000|  0%| F|  |TAMS 0x0000000703a00000| PB 0x0000000703a00000| Untracked 
|   3|0x0000000703c00000, 0x0000000703c00000, 0x0000000703e00000|  0%| F|  |TAMS 0x0000000703c00000| PB 0x0000000703c00000| Untracked 
|   4|0x0000000703e00000, 0x0000000703e00000, 0x0000000704000000|  0%| F|  |TAMS 0x0000000703e00000| PB 0x0000000703e00000| Untracked 
|   5|0x0000000704000000, 0x0000000704000000, 0x0000000704200000|  0%| F|  |TAMS 0x0000000704000000| PB 0x0000000704000000| Untracked 
|   6|0x0000000704200000, 0x0000000704200000, 0x0000000704400000|  0%| F|  |TAMS 0x0000000704200000| PB 0x0000000704200000| Untracked 
|   7|0x0000000704400000, 0x0000000704400000, 0x0000000704600000|  0%| F|  |TAMS 0x0000000704400000| PB 0x0000000704400000| Untracked 
|   8|0x0000000704600000, 0x0000000704600000, 0x0000000704800000|  0%| F|  |TAMS 0x0000000704600000| PB 0x0000000704600000| Untracked 
|   9|0x0000000704800000, 0x0000000704800000, 0x0000000704a00000|  0%| F|  |TAMS 0x0000000704800000| PB 0x0000000704800000| Untracked 
|  10|0x0000000704a00000, 0x0000000704a00000, 0x0000000704c00000|  0%| F|  |TAMS 0x0000000704a00000| PB 0x0000000704a00000| Untracked 
|  11|0x0000000704c00000, 0x0000000704c00000, 0x0000000704e00000|  0%| F|  |TAMS 0x0000000704c00000| PB 0x0000000704c00000| Untracked 
|  12|0x0000000704e00000, 0x0000000704e00000, 0x0000000705000000|  0%| F|  |TAMS 0x0000000704e00000| PB 0x0000000704e00000| Untracked 
|  13|0x0000000705000000, 0x0000000705000000, 0x0000000705200000|  0%| F|  |TAMS 0x0000000705000000| PB 0x0000000705000000| Untracked 
|  14|0x0000000705200000, 0x0000000705200000, 0x0000000705400000|  0%| F|  |TAMS 0x0000000705200000| PB 0x0000000705200000| Untracked 
|  15|0x0000000705400000, 0x0000000705400000, 0x0000000705600000|  0%| F|  |TAMS 0x0000000705400000| PB 0x0000000705400000| Untracked 
|  16|0x0000000705600000, 0x0000000705600000, 0x0000000705800000|  0%| F|  |TAMS 0x0000000705600000| PB 0x0000000705600000| Untracked 
|  17|0x0000000705800000, 0x0000000705800000, 0x0000000705a00000|  0%| F|  |TAMS 0x0000000705800000| PB 0x0000000705800000| Untracked 
|  18|0x0000000705a00000, 0x0000000705a00000, 0x0000000705c00000|  0%| F|  |TAMS 0x0000000705a00000| PB 0x0000000705a00000| Untracked 
|  19|0x0000000705c00000, 0x0000000705c00000, 0x0000000705e00000|  0%| F|  |TAMS 0x0000000705c00000| PB 0x0000000705c00000| Untracked 
|  20|0x0000000705e00000, 0x0000000705e00000, 0x0000000706000000|  0%| F|  |TAMS 0x0000000705e00000| PB 0x0000000705e00000| Untracked 
|  21|0x0000000706000000, 0x0000000706000000, 0x0000000706200000|  0%| F|  |TAMS 0x0000000706000000| PB 0x0000000706000000| Untracked 
|  22|0x0000000706200000, 0x0000000706200000, 0x0000000706400000|  0%| F|  |TAMS 0x0000000706200000| PB 0x0000000706200000| Untracked 
|  23|0x0000000706400000, 0x0000000706400000, 0x0000000706600000|  0%| F|  |TAMS 0x0000000706400000| PB 0x0000000706400000| Untracked 
|  24|0x0000000706600000, 0x0000000706600000, 0x0000000706800000|  0%| F|  |TAMS 0x0000000706600000| PB 0x0000000706600000| Untracked 
|  25|0x0000000706800000, 0x0000000706800000, 0x0000000706a00000|  0%| F|  |TAMS 0x0000000706800000| PB 0x0000000706800000| Untracked 
|  26|0x0000000706a00000, 0x0000000706a00000, 0x0000000706c00000|  0%| F|  |TAMS 0x0000000706a00000| PB 0x0000000706a00000| Untracked 
|  27|0x0000000706c00000, 0x0000000706c00000, 0x0000000706e00000|  0%| F|  |TAMS 0x0000000706c00000| PB 0x0000000706c00000| Untracked 
|  28|0x0000000706e00000, 0x0000000706e00000, 0x0000000707000000|  0%| F|  |TAMS 0x0000000706e00000| PB 0x0000000706e00000| Untracked 
|  29|0x0000000707000000, 0x0000000707000000, 0x0000000707200000|  0%| F|  |TAMS 0x0000000707000000| PB 0x0000000707000000| Untracked 
|  30|0x0000000707200000, 0x0000000707200000, 0x0000000707400000|  0%| F|  |TAMS 0x0000000707200000| PB 0x0000000707200000| Untracked 
|  31|0x0000000707400000, 0x0000000707400000, 0x0000000707600000|  0%| F|  |TAMS 0x0000000707400000| PB 0x0000000707400000| Untracked 
|  32|0x0000000707600000, 0x0000000707600000, 0x0000000707800000|  0%| F|  |TAMS 0x0000000707600000| PB 0x0000000707600000| Untracked 
|  33|0x0000000707800000, 0x0000000707800000, 0x0000000707a00000|  0%| F|  |TAMS 0x0000000707800000| PB 0x0000000707800000| Untracked 
|  34|0x0000000707a00000, 0x0000000707a00000, 0x0000000707c00000|  0%| F|  |TAMS 0x0000000707a00000| PB 0x0000000707a00000| Untracked 
|  35|0x0000000707c00000, 0x0000000707c00000, 0x0000000707e00000|  0%| F|  |TAMS 0x0000000707c00000| PB 0x0000000707c00000| Untracked 
|  36|0x0000000707e00000, 0x0000000707e00000, 0x0000000708000000|  0%| F|  |TAMS 0x0000000707e00000| PB 0x0000000707e00000| Untracked 
|  37|0x0000000708000000, 0x0000000708000000, 0x0000000708200000|  0%| F|  |TAMS 0x0000000708000000| PB 0x0000000708000000| Untracked 
|  38|0x0000000708200000, 0x0000000708200000, 0x0000000708400000|  0%| F|  |TAMS 0x0000000708200000| PB 0x0000000708200000| Untracked 
|  39|0x0000000708400000, 0x0000000708400000, 0x0000000708600000|  0%| F|  |TAMS 0x0000000708400000| PB 0x0000000708400000| Untracked 
|  40|0x0000000708600000, 0x0000000708600000, 0x0000000708800000|  0%| F|  |TAMS 0x0000000708600000| PB 0x0000000708600000| Untracked 
|  41|0x0000000708800000, 0x0000000708800000, 0x0000000708a00000|  0%| F|  |TAMS 0x0000000708800000| PB 0x0000000708800000| Untracked 
|  42|0x0000000708a00000, 0x0000000708a00000, 0x0000000708c00000|  0%| F|  |TAMS 0x0000000708a00000| PB 0x0000000708a00000| Untracked 
|  43|0x0000000708c00000, 0x0000000708c00000, 0x0000000708e00000|  0%| F|  |TAMS 0x0000000708c00000| PB 0x0000000708c00000| Untracked 
|  44|0x0000000708e00000, 0x0000000708e00000, 0x0000000709000000|  0%| F|  |TAMS 0x0000000708e00000| PB 0x0000000708e00000| Untracked 
|  45|0x0000000709000000, 0x0000000709000000, 0x0000000709200000|  0%| F|  |TAMS 0x0000000709000000| PB 0x0000000709000000| Untracked 
|  46|0x0000000709200000, 0x0000000709200000, 0x0000000709400000|  0%| F|  |TAMS 0x0000000709200000| PB 0x0000000709200000| Untracked 
|  47|0x0000000709400000, 0x0000000709400000, 0x0000000709600000|  0%| F|  |TAMS 0x0000000709400000| PB 0x0000000709400000| Untracked 
|  48|0x0000000709600000, 0x0000000709600000, 0x0000000709800000|  0%| F|  |TAMS 0x0000000709600000| PB 0x0000000709600000| Untracked 
|  49|0x0000000709800000, 0x0000000709800000, 0x0000000709a00000|  0%| F|  |TAMS 0x0000000709800000| PB 0x0000000709800000| Untracked 
|  50|0x0000000709a00000, 0x0000000709a00000, 0x0000000709c00000|  0%| F|  |TAMS 0x0000000709a00000| PB 0x0000000709a00000| Untracked 
|  51|0x0000000709c00000, 0x0000000709c00000, 0x0000000709e00000|  0%| F|  |TAMS 0x0000000709c00000| PB 0x0000000709c00000| Untracked 
|  52|0x0000000709e00000, 0x0000000709e00000, 0x000000070a000000|  0%| F|  |TAMS 0x0000000709e00000| PB 0x0000000709e00000| Untracked 
|  53|0x000000070a000000, 0x000000070a000000, 0x000000070a200000|  0%| F|  |TAMS 0x000000070a000000| PB 0x000000070a000000| Untracked 
|  54|0x000000070a200000, 0x000000070a200000, 0x000000070a400000|  0%| F|  |TAMS 0x000000070a200000| PB 0x000000070a200000| Untracked 
|  55|0x000000070a400000, 0x000000070a400000, 0x000000070a600000|  0%| F|  |TAMS 0x000000070a400000| PB 0x000000070a400000| Untracked 
|  56|0x000000070a600000, 0x000000070a600000, 0x000000070a800000|  0%| F|  |TAMS 0x000000070a600000| PB 0x000000070a600000| Untracked 
|  57|0x000000070a800000, 0x000000070a800000, 0x000000070aa00000|  0%| F|  |TAMS 0x000000070a800000| PB 0x000000070a800000| Untracked 
|  58|0x000000070aa00000, 0x000000070aa00000, 0x000000070ac00000|  0%| F|  |TAMS 0x000000070aa00000| PB 0x000000070aa00000| Untracked 
|  59|0x000000070ac00000, 0x000000070ac00000, 0x000000070ae00000|  0%| F|  |TAMS 0x000000070ac00000| PB 0x000000070ac00000| Untracked 
|  60|0x000000070ae00000, 0x000000070ae00000, 0x000000070b000000|  0%| F|  |TAMS 0x000000070ae00000| PB 0x000000070ae00000| Untracked 
|  61|0x000000070b000000, 0x000000070b000000, 0x000000070b200000|  0%| F|  |TAMS 0x000000070b000000| PB 0x000000070b000000| Untracked 
|  62|0x000000070b200000, 0x000000070b200000, 0x000000070b400000|  0%| F|  |TAMS 0x000000070b200000| PB 0x000000070b200000| Untracked 
|  63|0x000000070b400000, 0x000000070b400000, 0x000000070b600000|  0%| F|  |TAMS 0x000000070b400000| PB 0x000000070b400000| Untracked 
|  64|0x000000070b600000, 0x000000070b600000, 0x000000070b800000|  0%| F|  |TAMS 0x000000070b600000| PB 0x000000070b600000| Untracked 
|  65|0x000000070b800000, 0x000000070b800000, 0x000000070ba00000|  0%| F|  |TAMS 0x000000070b800000| PB 0x000000070b800000| Untracked 
|  66|0x000000070ba00000, 0x000000070ba00000, 0x000000070bc00000|  0%| F|  |TAMS 0x000000070ba00000| PB 0x000000070ba00000| Untracked 
|  67|0x000000070bc00000, 0x000000070bc00000, 0x000000070be00000|  0%| F|  |TAMS 0x000000070bc00000| PB 0x000000070bc00000| Untracked 
|  68|0x000000070be00000, 0x000000070be00000, 0x000000070c000000|  0%| F|  |TAMS 0x000000070be00000| PB 0x000000070be00000| Untracked 
|  69|0x000000070c000000, 0x000000070c000000, 0x000000070c200000|  0%| F|  |TAMS 0x000000070c000000| PB 0x000000070c000000| Untracked 
|  70|0x000000070c200000, 0x000000070c200000, 0x000000070c400000|  0%| F|  |TAMS 0x000000070c200000| PB 0x000000070c200000| Untracked 
|  71|0x000000070c400000, 0x000000070c400000, 0x000000070c600000|  0%| F|  |TAMS 0x000000070c400000| PB 0x000000070c400000| Untracked 
|  72|0x000000070c600000, 0x000000070c600000, 0x000000070c800000|  0%| F|  |TAMS 0x000000070c600000| PB 0x000000070c600000| Untracked 
|  73|0x000000070c800000, 0x000000070c800000, 0x000000070ca00000|  0%| F|  |TAMS 0x000000070c800000| PB 0x000000070c800000| Untracked 
|  74|0x000000070ca00000, 0x000000070ca00000, 0x000000070cc00000|  0%| F|  |TAMS 0x000000070ca00000| PB 0x000000070ca00000| Untracked 
|  75|0x000000070cc00000, 0x000000070cc00000, 0x000000070ce00000|  0%| F|  |TAMS 0x000000070cc00000| PB 0x000000070cc00000| Untracked 
|  76|0x000000070ce00000, 0x000000070ce00000, 0x000000070d000000|  0%| F|  |TAMS 0x000000070ce00000| PB 0x000000070ce00000| Untracked 
|  77|0x000000070d000000, 0x000000070d000000, 0x000000070d200000|  0%| F|  |TAMS 0x000000070d000000| PB 0x000000070d000000| Untracked 
|  78|0x000000070d200000, 0x000000070d200000, 0x000000070d400000|  0%| F|  |TAMS 0x000000070d200000| PB 0x000000070d200000| Untracked 
|  79|0x000000070d400000, 0x000000070d400000, 0x000000070d600000|  0%| F|  |TAMS 0x000000070d400000| PB 0x000000070d400000| Untracked 
|  80|0x000000070d600000, 0x000000070d600000, 0x000000070d800000|  0%| F|  |TAMS 0x000000070d600000| PB 0x000000070d600000| Untracked 
|  81|0x000000070d800000, 0x000000070d800000, 0x000000070da00000|  0%| F|  |TAMS 0x000000070d800000| PB 0x000000070d800000| Untracked 
|  82|0x000000070da00000, 0x000000070da00000, 0x000000070dc00000|  0%| F|  |TAMS 0x000000070da00000| PB 0x000000070da00000| Untracked 
|  83|0x000000070dc00000, 0x000000070dc00000, 0x000000070de00000|  0%| F|  |TAMS 0x000000070dc00000| PB 0x000000070dc00000| Untracked 
|  84|0x000000070de00000, 0x000000070de00000, 0x000000070e000000|  0%| F|  |TAMS 0x000000070de00000| PB 0x000000070de00000| Untracked 
|  85|0x000000070e000000, 0x000000070e000000, 0x000000070e200000|  0%| F|  |TAMS 0x000000070e000000| PB 0x000000070e000000| Untracked 
|  86|0x000000070e200000, 0x000000070e200000, 0x000000070e400000|  0%| F|  |TAMS 0x000000070e200000| PB 0x000000070e200000| Untracked 
|  87|0x000000070e400000, 0x000000070e400000, 0x000000070e600000|  0%| F|  |TAMS 0x000000070e400000| PB 0x000000070e400000| Untracked 
|  88|0x000000070e600000, 0x000000070e600000, 0x000000070e800000|  0%| F|  |TAMS 0x000000070e600000| PB 0x000000070e600000| Untracked 
|  89|0x000000070e800000, 0x000000070e800000, 0x000000070ea00000|  0%| F|  |TAMS 0x000000070e800000| PB 0x000000070e800000| Untracked 
|  90|0x000000070ea00000, 0x000000070ea00000, 0x000000070ec00000|  0%| F|  |TAMS 0x000000070ea00000| PB 0x000000070ea00000| Untracked 
|  91|0x000000070ec00000, 0x000000070ec00000, 0x000000070ee00000|  0%| F|  |TAMS 0x000000070ec00000| PB 0x000000070ec00000| Untracked 
|  92|0x000000070ee00000, 0x000000070ee00000, 0x000000070f000000|  0%| F|  |TAMS 0x000000070ee00000| PB 0x000000070ee00000| Untracked 
|  93|0x000000070f000000, 0x000000070f000000, 0x000000070f200000|  0%| F|  |TAMS 0x000000070f000000| PB 0x000000070f000000| Untracked 
|  94|0x000000070f200000, 0x000000070f200000, 0x000000070f400000|  0%| F|  |TAMS 0x000000070f200000| PB 0x000000070f200000| Untracked 
|  95|0x000000070f400000, 0x000000070f400000, 0x000000070f600000|  0%| F|  |TAMS 0x000000070f400000| PB 0x000000070f400000| Untracked 
|  96|0x000000070f600000, 0x000000070f600000, 0x000000070f800000|  0%| F|  |TAMS 0x000000070f600000| PB 0x000000070f600000| Untracked 
|  97|0x000000070f800000, 0x000000070f800000, 0x000000070fa00000|  0%| F|  |TAMS 0x000000070f800000| PB 0x000000070f800000| Untracked 
|  98|0x000000070fa00000, 0x000000070fa00000, 0x000000070fc00000|  0%| F|  |TAMS 0x000000070fa00000| PB 0x000000070fa00000| Untracked 
|  99|0x000000070fc00000, 0x000000070fc00000, 0x000000070fe00000|  0%| F|  |TAMS 0x000000070fc00000| PB 0x000000070fc00000| Untracked 
| 100|0x000000070fe00000, 0x000000070fe00000, 0x0000000710000000|  0%| F|  |TAMS 0x000000070fe00000| PB 0x000000070fe00000| Untracked 
| 101|0x0000000710000000, 0x0000000710000000, 0x0000000710200000|  0%| F|  |TAMS 0x0000000710000000| PB 0x0000000710000000| Untracked 
| 102|0x0000000710200000, 0x0000000710200000, 0x0000000710400000|  0%| F|  |TAMS 0x0000000710200000| PB 0x0000000710200000| Untracked 
| 103|0x0000000710400000, 0x0000000710400000, 0x0000000710600000|  0%| F|  |TAMS 0x0000000710400000| PB 0x0000000710400000| Untracked 
| 104|0x0000000710600000, 0x0000000710600000, 0x0000000710800000|  0%| F|  |TAMS 0x0000000710600000| PB 0x0000000710600000| Untracked 
| 105|0x0000000710800000, 0x0000000710800000, 0x0000000710a00000|  0%| F|  |TAMS 0x0000000710800000| PB 0x0000000710800000| Untracked 
| 106|0x0000000710a00000, 0x0000000710a00000, 0x0000000710c00000|  0%| F|  |TAMS 0x0000000710a00000| PB 0x0000000710a00000| Untracked 
| 107|0x0000000710c00000, 0x0000000710c00000, 0x0000000710e00000|  0%| F|  |TAMS 0x0000000710c00000| PB 0x0000000710c00000| Untracked 
| 108|0x0000000710e00000, 0x0000000710e00000, 0x0000000711000000|  0%| F|  |TAMS 0x0000000710e00000| PB 0x0000000710e00000| Untracked 
| 109|0x0000000711000000, 0x0000000711000000, 0x0000000711200000|  0%| F|  |TAMS 0x0000000711000000| PB 0x0000000711000000| Untracked 
| 110|0x0000000711200000, 0x0000000711200000, 0x0000000711400000|  0%| F|  |TAMS 0x0000000711200000| PB 0x0000000711200000| Untracked 
| 111|0x0000000711400000, 0x0000000711400000, 0x0000000711600000|  0%| F|  |TAMS 0x0000000711400000| PB 0x0000000711400000| Untracked 
| 112|0x0000000711600000, 0x0000000711600000, 0x0000000711800000|  0%| F|  |TAMS 0x0000000711600000| PB 0x0000000711600000| Untracked 
| 113|0x0000000711800000, 0x0000000711800000, 0x0000000711a00000|  0%| F|  |TAMS 0x0000000711800000| PB 0x0000000711800000| Untracked 
| 114|0x0000000711a00000, 0x0000000711a00000, 0x0000000711c00000|  0%| F|  |TAMS 0x0000000711a00000| PB 0x0000000711a00000| Untracked 
| 115|0x0000000711c00000, 0x0000000711c00000, 0x0000000711e00000|  0%| F|  |TAMS 0x0000000711c00000| PB 0x0000000711c00000| Untracked 
| 116|0x0000000711e00000, 0x0000000711e00000, 0x0000000712000000|  0%| F|  |TAMS 0x0000000711e00000| PB 0x0000000711e00000| Untracked 
| 117|0x0000000712000000, 0x0000000712000000, 0x0000000712200000|  0%| F|  |TAMS 0x0000000712000000| PB 0x0000000712000000| Untracked 
| 118|0x0000000712200000, 0x0000000712200000, 0x0000000712400000|  0%| F|  |TAMS 0x0000000712200000| PB 0x0000000712200000| Untracked 
| 119|0x0000000712400000, 0x0000000712400000, 0x0000000712600000|  0%| F|  |TAMS 0x0000000712400000| PB 0x0000000712400000| Untracked 
| 120|0x0000000712600000, 0x000000071269e700, 0x0000000712800000| 30%| E|  |TAMS 0x0000000712600000| PB 0x0000000712600000| Complete 
| 121|0x0000000712800000, 0x0000000712a00000, 0x0000000712a00000|100%| E|CS|TAMS 0x0000000712800000| PB 0x0000000712800000| Complete 
| 122|0x0000000712a00000, 0x0000000712c00000, 0x0000000712c00000|100%| E|CS|TAMS 0x0000000712a00000| PB 0x0000000712a00000| Complete 
| 123|0x0000000712c00000, 0x0000000712e00000, 0x0000000712e00000|100%| E|CS|TAMS 0x0000000712c00000| PB 0x0000000712c00000| Complete 
| 124|0x0000000712e00000, 0x0000000713000000, 0x0000000713000000|100%| E|CS|TAMS 0x0000000712e00000| PB 0x0000000712e00000| Complete 
| 125|0x0000000713000000, 0x0000000713200000, 0x0000000713200000|100%| E|CS|TAMS 0x0000000713000000| PB 0x0000000713000000| Complete 
| 126|0x0000000713200000, 0x0000000713400000, 0x0000000713400000|100%| E|CS|TAMS 0x0000000713200000| PB 0x0000000713200000| Complete 

Card table byte_map: [0x0000022d284a0000,0x0000022d28c90000] _byte_map_base: 0x0000022d24c85000

Marking Bits: (CMBitMap*) 0x0000022d10125380
 Bits: [0x0000022d28c90000, 0x0000022d2cbb8000)

Polling page: 0x0000022d0e000000

Metaspace:

Usage:
  Non-class:      5.39 MB used.
      Class:    323.20 KB used.
       Both:      5.71 MB used.

Virtual space:
  Non-class space:       64.00 MB reserved,       5.50 MB (  9%) committed,  1 nodes.
      Class space:        1.00 GB reserved,     448.00 KB ( <1%) committed,  1 nodes.
             Both:        1.06 GB reserved,       5.94 MB ( <1%) committed. 

Chunk freelists:
   Non-Class:  8.29 MB
       Class:  15.54 MB
        Both:  23.84 MB

MaxMetaspaceSize: unlimited
CompressedClassSpaceSize: 1.00 GB
Initial GC threshold: 21.00 MB
Current GC threshold: 21.00 MB
CDS: on
 - commit_granule_bytes: 65536.
 - commit_granule_words: 8192.
 - virtual_space_node_default_size: 8388608.
 - enlarge_chunks_in_place: 1.
 - use_allocation_guard: 0.


Internal statistics:

num_allocs_failed_limit: 0.
num_arena_births: 106.
num_arena_deaths: 0.
num_vsnodes_births: 2.
num_vsnodes_deaths: 0.
num_space_committed: 93.
num_space_uncommitted: 0.
num_chunks_returned_to_freelist: 0.
num_chunks_taken_from_freelist: 264.
num_chunk_merges: 0.
num_chunk_splits: 186.
num_chunks_enlarged: 139.
num_inconsistent_stats: 0.

CodeHeap 'non-profiled nmethods': size=120000Kb used=264Kb max_used=264Kb free=119735Kb
 bounds [0x0000022d20230000, 0x0000022d204a0000, 0x0000022d27760000]
CodeHeap 'profiled nmethods': size=120000Kb used=1424Kb max_used=1424Kb free=118575Kb
 bounds [0x0000022d18760000, 0x0000022d189d0000, 0x0000022d1fc90000]
CodeHeap 'non-nmethods': size=5760Kb used=2717Kb max_used=2728Kb free=3042Kb
 bounds [0x0000022d1fc90000, 0x0000022d1ff40000, 0x0000022d20230000]
 total_blobs=2165 nmethods=895 adapters=1175
 compilation: enabled
              stopped_count=0, restarted_count=0
 full_count=0

Compilation events (20 events):
Event: 0.807 Thread 0x0000022d2f8b19e0  885       1       java.util.concurrent.locks.AbstractOwnableSynchronizer::setExclusiveOwnerThread (6 bytes)
Event: 0.807 Thread 0x0000022d2f8b19e0 nmethod 885 0x0000022d20270790 code [0x0000022d20270920, 0x0000022d20270a38]
Event: 0.807 Thread 0x0000022d2f8b19e0  886       1       java.util.concurrent.locks.AbstractOwnableSynchronizer::getExclusiveOwnerThread (5 bytes)
Event: 0.807 Thread 0x0000022d2f8b19e0 nmethod 886 0x0000022d20270a90 code [0x0000022d20270c20, 0x0000022d20270cf0]
Event: 0.807 Thread 0x0000022d2f8b19e0  887       1       java.util.concurrent.locks.AbstractQueuedSynchronizer::getState (5 bytes)
Event: 0.807 Thread 0x0000022d2f8b19e0 nmethod 887 0x0000022d20270d90 code [0x0000022d20270f20, 0x0000022d20270fe8]
Event: 0.807 Thread 0x0000022d2f8b19e0  888       1       java.util.concurrent.locks.AbstractQueuedSynchronizer::setState (6 bytes)
Event: 0.807 Thread 0x0000022d2f8b19e0 nmethod 888 0x0000022d20271090 code [0x0000022d20271220, 0x0000022d202712f0]
Event: 0.808 Thread 0x0000022d2f8b19e0  889       3       java.util.HashMap$HashIterator::hasNext (13 bytes)
Event: 0.808 Thread 0x0000022d2f8b19e0 nmethod 889 0x0000022d188c2f10 code [0x0000022d188c30a0, 0x0000022d188c3210]
Event: 0.809 Thread 0x0000022d2f8b19e0  892       3       java.util.ImmutableCollections$Set12::iterator (9 bytes)
Event: 0.809 Thread 0x0000022d2f8b19e0 nmethod 892 0x0000022d188c3290 code [0x0000022d188c3440, 0x0000022d188c3730]
Event: 0.809 Thread 0x0000022d2f8b19e0  894       3       java.util.ImmutableCollections$Set12$1::next (95 bytes)
Event: 0.809 Thread 0x0000022d2f8b19e0 nmethod 894 0x0000022d188c3810 code [0x0000022d188c39e0, 0x0000022d188c3c80]
Event: 0.809 Thread 0x0000022d2f8b19e0  890       1       java.lang.Module::getDescriptor (5 bytes)
Event: 0.809 Thread 0x0000022d2f8b19e0 nmethod 890 0x0000022d20271a90 code [0x0000022d20271c20, 0x0000022d20271cf0]
Event: 0.809 Thread 0x0000022d2f8b19e0  891       1       java.lang.module.ModuleDescriptor::provides (5 bytes)
Event: 0.809 Thread 0x0000022d2f8b19e0 nmethod 891 0x0000022d20271d90 code [0x0000022d20271f20, 0x0000022d20271ff0]
Event: 0.809 Thread 0x0000022d2f8b19e0  893       3       java.util.ImmutableCollections$Set12$1::<init> (32 bytes)
Event: 0.809 Thread 0x0000022d2f8b19e0 nmethod 893 0x0000022d188c3d90 code [0x0000022d188c3f40, 0x0000022d188c4180]

GC Heap History (0 events):
No events

Dll operation events (11 events):
Event: 0.005 Loaded shared library C:\Program Files\Eclipse Adoptium\jdk-21.0.4.7-hotspot\bin\java.dll
Event: 0.031 Loaded shared library C:\Program Files\Eclipse Adoptium\jdk-21.0.4.7-hotspot\bin\jsvml.dll
Event: 0.062 Loaded shared library C:\Program Files\Eclipse Adoptium\jdk-21.0.4.7-hotspot\bin\net.dll
Event: 0.064 Loaded shared library C:\Program Files\Eclipse Adoptium\jdk-21.0.4.7-hotspot\bin\nio.dll
Event: 0.066 Loaded shared library C:\Program Files\Eclipse Adoptium\jdk-21.0.4.7-hotspot\bin\zip.dll
Event: 0.116 Loaded shared library C:\Program Files\Eclipse Adoptium\jdk-21.0.4.7-hotspot\bin\jimage.dll
Event: 0.130 Loaded shared library C:\Users\Jishan Ahamed\AppData\Local\Temp\lwjgl_Jishan Ahamed\3.3.4+7\x64\lwjgl.dll
Event: 0.355 Loaded shared library C:\Users\Jishan Ahamed\AppData\Local\Temp\lwjgl_Jishan Ahamed\3.3.4+7\x64\lwjgl_opengl.dll
Event: 0.686 Loaded shared library C:\Users\Jishan Ahamed\AppData\Local\Temp\imgui-java-natives\1.87.0\imgui-java64.dll
Event: 0.742 Loaded shared library C:\Program Files\Eclipse Adoptium\jdk-21.0.4.7-hotspot\bin\verify.dll
Event: 0.771 Loaded shared library C:\Users\Jishan Ahamed\AppData\Local\Temp\lwjgl_Jishan Ahamed\3.3.4+7\x64\lwjgl_stb.dll

Deoptimization events (20 events):
Event: 0.226 Thread 0x0000022d0dca7d70 DEOPT PACKING pc=0x0000022d187ff8bb sp=0x00000038bb5fde60
Event: 0.226 Thread 0x0000022d0dca7d70 DEOPT UNPACKING pc=0x0000022d1fce88e2 sp=0x00000038bb5fd2f8 mode 0
Event: 0.226 Thread 0x0000022d0dca7d70 DEOPT PACKING pc=0x0000022d187ff8bb sp=0x00000038bb5fde60
Event: 0.226 Thread 0x0000022d0dca7d70 DEOPT UNPACKING pc=0x0000022d1fce88e2 sp=0x00000038bb5fd2f8 mode 0
Event: 0.226 Thread 0x0000022d0dca7d70 DEOPT PACKING pc=0x0000022d187ff8bb sp=0x00000038bb5fde60
Event: 0.226 Thread 0x0000022d0dca7d70 DEOPT UNPACKING pc=0x0000022d1fce88e2 sp=0x00000038bb5fd2f8 mode 0
Event: 0.226 Thread 0x0000022d0dca7d70 DEOPT PACKING pc=0x0000022d187ff8bb sp=0x00000038bb5fde60
Event: 0.226 Thread 0x0000022d0dca7d70 DEOPT UNPACKING pc=0x0000022d1fce88e2 sp=0x00000038bb5fd2f8 mode 0
Event: 0.227 Thread 0x0000022d0dca7d70 DEOPT PACKING pc=0x0000022d187ff8bb sp=0x00000038bb5fde60
Event: 0.227 Thread 0x0000022d0dca7d70 DEOPT UNPACKING pc=0x0000022d1fce88e2 sp=0x00000038bb5fd2f8 mode 0
Event: 0.227 Thread 0x0000022d0dca7d70 DEOPT PACKING pc=0x0000022d187ff8bb sp=0x00000038bb5fde60
Event: 0.227 Thread 0x0000022d0dca7d70 DEOPT UNPACKING pc=0x0000022d1fce88e2 sp=0x00000038bb5fd2f8 mode 0
Event: 0.227 Thread 0x0000022d0dca7d70 DEOPT PACKING pc=0x0000022d187ffb0b sp=0x00000038bb5fde60
Event: 0.227 Thread 0x0000022d0dca7d70 DEOPT UNPACKING pc=0x0000022d1fce88e2 sp=0x00000038bb5fd2f8 mode 0
Event: 0.227 Thread 0x0000022d0dca7d70 DEOPT PACKING pc=0x0000022d187ff8bb sp=0x00000038bb5fde60
Event: 0.227 Thread 0x0000022d0dca7d70 DEOPT UNPACKING pc=0x0000022d1fce88e2 sp=0x00000038bb5fd2f8 mode 0
Event: 0.764 Thread 0x0000022d0dca7d70 Uncommon trap: trap_request=0xffffff6e fr.pc=0x0000022d2026dc94 relative=0x00000000000003f4
Event: 0.764 Thread 0x0000022d0dca7d70 Uncommon trap: reason=loop_limit_check action=maybe_recompile pc=0x0000022d2026dc94 method=java.lang.StringLatin1.indexOf([BI[BII)I @ 37 c2
Event: 0.764 Thread 0x0000022d0dca7d70 DEOPT PACKING pc=0x0000022d2026dc94 sp=0x00000038bb5fd300
Event: 0.764 Thread 0x0000022d0dca7d70 DEOPT UNPACKING pc=0x0000022d1fce7da2 sp=0x00000038bb5fd260 mode 2

Classes loaded (20 events):
Event: 0.809 Loading class jdk/internal/logger/AbstractLoggerWrapper
Event: 0.810 Loading class jdk/internal/logger/AbstractLoggerWrapper done
Event: 0.810 Loading class jdk/internal/logger/LazyLoggers$LazyLoggerWrapper done
Event: 0.810 Loading class jdk/internal/logger/LazyLoggers$JdkLazyLogger done
Event: 0.810 Loading class jdk/internal/logger/LazyLoggers$LazyLoggerAccessor
Event: 0.810 Loading class jdk/internal/logger/LazyLoggers$LoggerAccessor
Event: 0.810 Loading class jdk/internal/logger/LazyLoggers$LoggerAccessor done
Event: 0.810 Loading class jdk/internal/logger/LazyLoggers$LazyLoggerAccessor done
Event: 0.810 Loading class java/lang/System$Logger$Level
Event: 0.810 Loading class java/lang/System$Logger$Level done
Event: 0.810 Loading class jdk/internal/logger/SurrogateLogger
Event: 0.810 Loading class jdk/internal/logger/SimpleConsoleLogger
Event: 0.810 Loading class sun/util/logging/PlatformLogger$ConfigurableBridge$LoggerConfiguration
Event: 0.810 Loading class sun/util/logging/PlatformLogger$ConfigurableBridge$LoggerConfiguration done
Event: 0.810 Loading class jdk/internal/logger/SimpleConsoleLogger done
Event: 0.810 Loading class jdk/internal/logger/SurrogateLogger done
Event: 0.810 Loading class sun/util/logging/PlatformLogger
Event: 0.810 Loading class sun/util/logging/PlatformLogger done
Event: 0.810 Loading class sun/util/logging/PlatformLogger$Level
Event: 0.810 Loading class sun/util/logging/PlatformLogger$Level done

Classes unloaded (0 events):
No events

Classes redefined (0 events):
No events

Internal exceptions (20 events):
Event: 0.192 Thread 0x0000022d0dca7d70 Exception <a 'java/lang/NoSuchMethodError'{0x0000000712f66d40}: 'java.lang.Object java.lang.invoke.DirectMethodHandle$Holder.newInvokeSpecial(java.lang.Object, java.lang.Object, long)'> (0x0000000712f66d40) 
thrown [s\src\hotspot\share\interpreter\linkResolver.cpp, line 773]
Event: 0.192 Thread 0x0000022d0dca7d70 Exception <a 'java/lang/NoSuchMethodError'{0x0000000712f6a3d8}: 'java.lang.Object java.lang.invoke.Invokers$Holder.linkToTargetMethod(java.lang.Object, long, java.lang.Object)'> (0x0000000712f6a3d8) 
thrown [s\src\hotspot\share\interpreter\linkResolver.cpp, line 773]
Event: 0.192 Thread 0x0000022d0dca7d70 Exception <a 'java/lang/NoSuchMethodError'{0x0000000712f714d0}: 'int java.lang.invoke.DirectMethodHandle$Holder.invokeStaticInit(java.lang.Object, java.lang.Object, java.lang.Object, long)'> (0x0000000712f714d0) 
thrown [s\src\hotspot\share\interpreter\linkResolver.cpp, line 773]
Event: 0.217 Thread 0x0000022d0dca7d70 Exception <a 'sun/nio/fs/WindowsException'{0x0000000712c20d78}> (0x0000000712c20d78) 
thrown [s\src\hotspot\share\prims\jni.cpp, line 520]
Event: 0.217 Thread 0x0000022d0dca7d70 Exception <a 'sun/nio/fs/WindowsException'{0x0000000712c21120}> (0x0000000712c21120) 
thrown [s\src\hotspot\share\prims\jni.cpp, line 520]
Event: 0.228 Thread 0x0000022d0dca7d70 Exception <a 'java/lang/NoSuchMethodError'{0x0000000712c3c790}: 'int java.lang.invoke.Invokers$Holder.invokeExact_MT(java.lang.Object, java.lang.Object)'> (0x0000000712c3c790) 
thrown [s\src\hotspot\share\interpreter\linkResolver.cpp, line 773]
Event: 0.308 Thread 0x0000022d0dca7d70 Exception <a 'java/lang/NoSuchMethodError'{0x0000000712c96280}: 'void java.lang.invoke.DirectMethodHandle$Holder.invokeStaticInit(java.lang.Object, long, double, double)'> (0x0000000712c96280) 
thrown [s\src\hotspot\share\interpreter\linkResolver.cpp, line 773]
Event: 0.310 Thread 0x0000022d0dca7d70 Exception <a 'java/lang/NoSuchMethodError'{0x0000000712ca4688}: 'void java.lang.invoke.DirectMethodHandle$Holder.invokeStaticInit(java.lang.Object, long, int, int, int)'> (0x0000000712ca4688) 
thrown [s\src\hotspot\share\interpreter\linkResolver.cpp, line 773]
Event: 0.312 Thread 0x0000022d0dca7d70 Exception <a 'java/lang/NoSuchMethodError'{0x0000000712cbb118}: 'void java.lang.invoke.DirectMethodHandle$Holder.invokeStaticInit(java.lang.Object, long, int, int, int, int)'> (0x0000000712cbb118) 
thrown [s\src\hotspot\share\interpreter\linkResolver.cpp, line 773]
Event: 0.315 Thread 0x0000022d0dca7d70 Exception <a 'java/lang/NoSuchMethodError'{0x0000000712cc61c0}: 'void java.lang.invoke.DirectMethodHandle$Holder.invokeStatic(java.lang.Object, long, int, int)'> (0x0000000712cc61c0) 
thrown [s\src\hotspot\share\interpreter\linkResolver.cpp, line 773]
Event: 0.350 Thread 0x0000022d0dca7d70 Exception <a 'java/lang/NoSuchMethodError'{0x0000000712ce7c30}: 'void java.lang.System.load(java.lang.String, java.lang.Class)'> (0x0000000712ce7c30) 
thrown [s\src\hotspot\share\interpreter\linkResolver.cpp, line 773]
Event: 0.350 Thread 0x0000022d0dca7d70 Exception <a 'java/lang/NoSuchMethodError'{0x0000000712cea680}: 'void java.lang.System.loadLibrary(java.lang.String, java.lang.Class)'> (0x0000000712cea680) 
thrown [s\src\hotspot\share\interpreter\linkResolver.cpp, line 773]
Event: 0.354 Thread 0x0000022d0dca7d70 Exception <a 'sun/nio/fs/WindowsException'{0x0000000712cfa910}> (0x0000000712cfa910) 
thrown [s\src\hotspot\share\prims\jni.cpp, line 520]
Event: 0.354 Thread 0x0000022d0dca7d70 Exception <a 'sun/nio/fs/WindowsException'{0x0000000712cfacf0}> (0x0000000712cfacf0) 
thrown [s\src\hotspot\share\prims\jni.cpp, line 520]
Event: 0.358 Thread 0x0000022d0dca7d70 Exception <a 'sun/nio/fs/WindowsException'{0x0000000712d06500}> (0x0000000712d06500) 
thrown [s\src\hotspot\share\prims\jni.cpp, line 520]
Event: 0.358 Thread 0x0000022d0dca7d70 Exception <a 'sun/nio/fs/WindowsException'{0x0000000712d06820}> (0x0000000712d06820) 
thrown [s\src\hotspot\share\prims\jni.cpp, line 520]
Event: 0.763 Thread 0x0000022d0dca7d70 Exception <a 'java/lang/NoSuchMethodError'{0x00000007129a0088}: 'void java.lang.System.load(java.lang.String, java.lang.Class)'> (0x00000007129a0088) 
thrown [s\src\hotspot\share\interpreter\linkResolver.cpp, line 773]
Event: 0.764 Thread 0x0000022d0dca7d70 Exception <a 'java/lang/NoSuchMethodError'{0x00000007129a2ad8}: 'void java.lang.System.loadLibrary(java.lang.String, java.lang.Class)'> (0x00000007129a2ad8) 
thrown [s\src\hotspot\share\interpreter\linkResolver.cpp, line 773]
Event: 0.770 Thread 0x0000022d0dca7d70 Exception <a 'sun/nio/fs/WindowsException'{0x00000007129b32e8}> (0x00000007129b32e8) 
thrown [s\src\hotspot\share\prims\jni.cpp, line 520]
Event: 0.770 Thread 0x0000022d0dca7d70 Exception <a 'sun/nio/fs/WindowsException'{0x00000007129b36a8}> (0x00000007129b36a8) 
thrown [s\src\hotspot\share\prims\jni.cpp, line 520]

ZGC Phase Switch (0 events):
No events

VM Operations (5 events):
Event: 0.068 Executing VM operation: HandshakeAllThreads (Deoptimize)
Event: 0.068 Executing VM operation: HandshakeAllThreads (Deoptimize) done
Event: 0.125 Executing VM operation: HandshakeAllThreads (Deoptimize)
Event: 0.125 Executing VM operation: HandshakeAllThreads (Deoptimize) done
Event: 0.810 Executing VM operation: Exit

Memory protections (0 events):
No events

Nmethod flushes (0 events):
No events

Events (12 events):
Event: 0.018 Thread 0x0000022d0dca7d70 Thread added: 0x0000022d0dca7d70
Event: 0.027 Thread 0x0000022d0dca7d70 Thread added: 0x0000022d2f8944c0
Event: 0.027 Thread 0x0000022d0dca7d70 Thread added: 0x0000022d2f896220
Event: 0.028 Thread 0x0000022d0dca7d70 Thread added: 0x0000022d2f89af80
Event: 0.028 Thread 0x0000022d0dca7d70 Thread added: 0x0000022d2f89e650
Event: 0.028 Thread 0x0000022d0dca7d70 Thread added: 0x0000022d2f89f2d0
Event: 0.028 Thread 0x0000022d0dca7d70 Thread added: 0x0000022d2f8a1330
Event: 0.028 Thread 0x0000022d0dca7d70 Thread added: 0x0000022d2f8ad940
Event: 0.028 Thread 0x0000022d0dca7d70 Thread added: 0x0000022d2f8b19e0
Event: 0.051 Thread 0x0000022d0dca7d70 Thread added: 0x0000022d2fa3fa80
Event: 0.053 Thread 0x0000022d0dca7d70 Thread added: 0x0000022d2fa412c0
Event: 0.810 Thread 0x0000022d0dca7d70 Before exit entered


Dynamic libraries:
0x00007ff6517e0000 - 0x00007ff6517ee000 	C:\Program Files\Eclipse Adoptium\jdk-21.0.4.7-hotspot\bin\java.exe
0x00007ffa82bf0000 - 0x00007ffa82e07000 	C:\WINDOWS\SYSTEM32\ntdll.dll
0x00007ffa81c50000 - 0x00007ffa81d14000 	C:\WINDOWS\System32\KERNEL32.DLL
0x00007ffa80190000 - 0x00007ffa8053d000 	C:\WINDOWS\System32\KERNELBASE.dll
0x0000000072830000 - 0x0000000072b5e000 	C:\Program Files\Norton Security\NortonData\22.23.5.106\Definitions\IPSDefs\20241011.001\IPSEng64.dll
0x00007ffa827c0000 - 0x00007ffa82872000 	C:\WINDOWS\System32\ADVAPI32.dll
0x00007ffa82300000 - 0x00007ffa823a7000 	C:\WINDOWS\System32\msvcrt.dll
0x00007ffa80980000 - 0x00007ffa80a29000 	C:\WINDOWS\System32\sechost.dll
0x00007ffa808f0000 - 0x00007ffa80918000 	C:\WINDOWS\System32\bcrypt.dll
0x00007ffa80be0000 - 0x00007ffa80cf4000 	C:\WINDOWS\System32\RPCRT4.dll
0x00007ffa80d00000 - 0x00007ffa80d08000 	C:\WINDOWS\System32\PSAPI.DLL
0x00007ffa7ff10000 - 0x00007ffa80021000 	C:\WINDOWS\System32\ucrtbase.dll
0x00007ffa6f5e0000 - 0x00007ffa6f5fb000 	C:\Program Files\Eclipse Adoptium\jdk-21.0.4.7-hotspot\bin\VCRUNTIME140.dll
0x00007ffa79880000 - 0x00007ffa79898000 	C:\Program Files\Eclipse Adoptium\jdk-21.0.4.7-hotspot\bin\jli.dll
0x00007ffa80a30000 - 0x00007ffa80bde000 	C:\WINDOWS\System32\USER32.dll
0x00007ffa80660000 - 0x00007ffa80686000 	C:\WINDOWS\System32\win32u.dll
0x00007ffa68990000 - 0x00007ffa68c23000 	C:\WINDOWS\WinSxS\amd64_microsoft.windows.common-controls_6595b64144ccf1df_6.0.22621.3672_none_2713b9d173822955\COMCTL32.dll
0x00007ffa82080000 - 0x00007ffa820a9000 	C:\WINDOWS\System32\GDI32.dll
0x00007ffa80540000 - 0x00007ffa80659000 	C:\WINDOWS\System32\gdi32full.dll
0x00007ffa80030000 - 0x00007ffa800ca000 	C:\WINDOWS\System32\msvcp_win.dll
0x00007ffa81d80000 - 0x00007ffa81db1000 	C:\WINDOWS\System32\IMM32.DLL
0x00007ffa7c6a0000 - 0x00007ffa7c6ac000 	C:\Program Files\Eclipse Adoptium\jdk-21.0.4.7-hotspot\bin\vcruntime140_1.dll
0x00007ffa0e6f0000 - 0x00007ffa0e77e000 	C:\Program Files\Eclipse Adoptium\jdk-21.0.4.7-hotspot\bin\msvcp140.dll
0x00007ffa071d0000 - 0x00007ffa07f58000 	C:\Program Files\Eclipse Adoptium\jdk-21.0.4.7-hotspot\bin\server\jvm.dll
0x00007ffa823b0000 - 0x00007ffa82421000 	C:\WINDOWS\System32\WS2_32.dll
0x00007ffa764a0000 - 0x00007ffa764aa000 	C:\WINDOWS\SYSTEM32\VERSION.dll
0x00007ffa79760000 - 0x00007ffa79794000 	C:\WINDOWS\SYSTEM32\WINMM.dll
0x00007ffa7ed80000 - 0x00007ffa7edcd000 	C:\WINDOWS\SYSTEM32\POWRPROF.dll
0x00007ffa7ed60000 - 0x00007ffa7ed73000 	C:\WINDOWS\SYSTEM32\UMPDC.dll
0x00007ffa7f010000 - 0x00007ffa7f028000 	C:\WINDOWS\SYSTEM32\kernel.appcore.dll
0x00007ffa7b7d0000 - 0x00007ffa7b7da000 	C:\Program Files\Eclipse Adoptium\jdk-21.0.4.7-hotspot\bin\jimage.dll
0x00007ffa7d870000 - 0x00007ffa7daa2000 	C:\WINDOWS\SYSTEM32\DBGHELP.DLL
0x00007ffa82430000 - 0x00007ffa827be000 	C:\WINDOWS\System32\combase.dll
0x00007ffa828a0000 - 0x00007ffa82977000 	C:\WINDOWS\System32\OLEAUT32.dll
0x00007ffa662d0000 - 0x00007ffa66302000 	C:\WINDOWS\SYSTEM32\dbgcore.DLL
0x00007ffa80690000 - 0x00007ffa8070b000 	C:\WINDOWS\System32\bcryptPrimitives.dll
0x00007ffa20de0000 - 0x00007ffa20dff000 	C:\Program Files\Eclipse Adoptium\jdk-21.0.4.7-hotspot\bin\java.dll
0x00007ffa80d70000 - 0x00007ffa815d7000 	C:\WINDOWS\System32\SHELL32.dll
0x00007ffa7de40000 - 0x00007ffa7e73f000 	C:\WINDOWS\SYSTEM32\windows.storage.dll
0x00007ffa7dd00000 - 0x00007ffa7de3f000 	C:\WINDOWS\SYSTEM32\wintypes.dll
0x00007ffa821f0000 - 0x00007ffa822e9000 	C:\WINDOWS\System32\SHCORE.dll
0x00007ffa81d20000 - 0x00007ffa81d7e000 	C:\WINDOWS\System32\shlwapi.dll
0x00007ffa7fe40000 - 0x00007ffa7fe67000 	C:\WINDOWS\SYSTEM32\profapi.dll
0x00007ffa0dc30000 - 0x00007ffa0dd07000 	C:\Program Files\Eclipse Adoptium\jdk-21.0.4.7-hotspot\bin\jsvml.dll
0x00007ffa6f5c0000 - 0x00007ffa6f5d0000 	C:\Program Files\Eclipse Adoptium\jdk-21.0.4.7-hotspot\bin\net.dll
0x00007ffa7bcb0000 - 0x00007ffa7bde6000 	C:\WINDOWS\SYSTEM32\WINHTTP.dll
0x00007ffa7f480000 - 0x00007ffa7f4e9000 	C:\WINDOWS\system32\mswsock.dll
0x00007ffa1c5a0000 - 0x00007ffa1c5b6000 	C:\Program Files\Eclipse Adoptium\jdk-21.0.4.7-hotspot\bin\nio.dll
0x00007ffa1e880000 - 0x00007ffa1e898000 	C:\Program Files\Eclipse Adoptium\jdk-21.0.4.7-hotspot\bin\zip.dll
0x00007ffa5f950000 - 0x00007ffa5f9cb000 	C:\Users\Jishan Ahamed\AppData\Local\Temp\lwjgl_Jishan Ahamed\3.3.4+7\x64\lwjgl.dll
0x00007ffa280d0000 - 0x00007ffa28155000 	C:\Users\JISHAN~1\AppData\Local\Temp\lwjgl_Jishan Ahamed\3.3.4+7\x64\glfw.dll
0x00007ffa22d70000 - 0x00007ffa22db6000 	C:\WINDOWS\SYSTEM32\dinput8.dll
0x00007ffa7b750000 - 0x00007ffa7b761000 	C:\WINDOWS\SYSTEM32\xinput1_4.dll
0x00007ffa7fc20000 - 0x00007ffa7fc6e000 	C:\WINDOWS\SYSTEM32\cfgmgr32.dll
0x00007ffa7fbf0000 - 0x00007ffa7fc1c000 	C:\WINDOWS\SYSTEM32\DEVOBJ.dll
0x00007ffa7d010000 - 0x00007ffa7d03b000 	C:\WINDOWS\SYSTEM32\dwmapi.dll
0x00007ffa7cdc0000 - 0x00007ffa7ce71000 	C:\WINDOWS\system32\uxtheme.dll
0x00007ffa66990000 - 0x00007ffa66ba3000 	C:\WINDOWS\SYSTEM32\inputhost.dll
0x00007ffa7b410000 - 0x00007ffa7b543000 	C:\WINDOWS\SYSTEM32\CoreMessaging.dll
0x00007ffa81620000 - 0x00007ffa8177e000 	C:\WINDOWS\System32\MSCTF.dll
0x00007ffa7f710000 - 0x00007ffa7f71c000 	C:\WINDOWS\SYSTEM32\CRYPTBASE.DLL
0x00007ffa50910000 - 0x00007ffa50a10000 	C:\WINDOWS\SYSTEM32\opengl32.dll
0x00007ffa5a100000 - 0x00007ffa5a12d000 	C:\WINDOWS\SYSTEM32\GLU32.dll
0x00007ffa7d080000 - 0x00007ffa7d0b7000 	C:\WINDOWS\SYSTEM32\dxcore.dll
0x00007ffa764b0000 - 0x00007ffa764f9000 	C:\WINDOWS\SYSTEM32\directxdatabasehelper.dll
0x00007ffa820b0000 - 0x00007ffa82160000 	C:\WINDOWS\System32\clbcatq.dll
0x00007ff9e9ce0000 - 0x00007ff9eacb3000 	C:\WINDOWS\System32\DriverStore\FileRepository\iigd_dch.inf_amd64_e31d62740aef2af9\igxelpicd64.dll
0x00007ffa82a00000 - 0x00007ffa82ba5000 	C:\WINDOWS\System32\ole32.dll
0x00007ffa7cef0000 - 0x00007ffa7cfe7000 	C:\WINDOWS\system32\dxgi.dll
0x00007ffa06460000 - 0x00007ffa068e7000 	C:\WINDOWS\System32\DriverStore\FileRepository\iigd_dch.inf_amd64_e31d62740aef2af9\igdml64.dll
0x00007ffa71000000 - 0x00007ffa713c1000 	C:\WINDOWS\System32\DriverStore\FileRepository\iigd_dch.inf_amd64_e31d62740aef2af9\igdgmm64.dll
0x00007ffa6b130000 - 0x00007ffa6e336000 	C:\WINDOWS\System32\DriverStore\FileRepository\iigd_dch.inf_amd64_e31d62740aef2af9\igc64.dll
0x00007ffa6f950000 - 0x00007ffa6fa93000 	C:\WINDOWS\SYSTEM32\textinputframework.dll
0x00007ffa75d00000 - 0x00007ffa7606d000 	C:\WINDOWS\SYSTEM32\CoreUIComponents.dll
0x00007ffa63a00000 - 0x00007ffa63a61000 	C:\Users\Jishan Ahamed\AppData\Local\Temp\lwjgl_Jishan Ahamed\3.3.4+7\x64\lwjgl_opengl.dll
0x00007ff9e4f20000 - 0x00007ff9e5dfb000 	C:\Users\Jishan Ahamed\AppData\Local\Temp\imgui-java-natives\1.87.0\imgui-java64.dll
0x00007ffa51c50000 - 0x00007ffa51c60000 	C:\Program Files\Eclipse Adoptium\jdk-21.0.4.7-hotspot\bin\verify.dll
0x00007ffa26a60000 - 0x00007ffa26b00000 	C:\Users\Jishan Ahamed\AppData\Local\Temp\lwjgl_Jishan Ahamed\3.3.4+7\x64\lwjgl_stb.dll

dbghelp: loaded successfully - version: 4.0.5 - missing functions: none
symbol engine: initialized successfully - sym options: 0x614 - pdb path: .;C:\Program Files\Eclipse Adoptium\jdk-21.0.4.7-hotspot\bin;C:\WINDOWS\SYSTEM32;C:\Program Files\Norton Security\NortonData\22.23.5.106\Definitions\IPSDefs\20241011.001;C:\WINDOWS\WinSxS\amd64_microsoft.windows.common-controls_6595b64144ccf1df_6.0.22621.3672_none_2713b9d173822955;C:\Program Files\Eclipse Adoptium\jdk-21.0.4.7-hotspot\bin\server;C:\Users\Jishan Ahamed\AppData\Local\Temp\lwjgl_Jishan Ahamed\3.3.4+7\x64;C:\Users\JISHAN~1\AppData\Local\Temp\lwjgl_Jishan Ahamed\3.3.4+7\x64;C:\WINDOWS\System32\DriverStore\FileRepository\iigd_dch.inf_amd64_e31d62740aef2af9;C:\Users\Jishan Ahamed\AppData\Local\Temp\imgui-java-natives\1.87.0

VM Arguments:
jvm_args: -Dfile.encoding=UTF-8 -Duser.country=IN -Duser.language=en -Duser.variant -ea 
java_command: Main
java_class_path (initial): D:\DEV\Java\Mario\build\classes\java\main;D:\DEV\Java\Mario\build\resources\main;C:\Users\Jishan Ahamed\.gradle\caches\modules-2\files-2.1\io.github.spair\imgui-java-lwjgl3\1.87.0\a012a5f097de8a0ef879a9fb58b0a8134f5842e1\imgui-java-lwjgl3-1.87.0.jar;C:\Users\Jishan Ahamed\.gradle\caches\modules-2\files-2.1\io.github.spair\imgui-java-binding\1.87.0\d4aaefccf68831f6ba75823b945ba1400278e3e7\imgui-java-binding-1.87.0.jar;C:\Users\Jishan Ahamed\.gradle\caches\modules-2\files-2.1\io.github.spair\imgui-java-natives-windows\1.87.0\a502bce62ba7f9f5ec356794f70a404ab754e593\imgui-java-natives-windows-1.87.0.jar;C:\Users\Jishan Ahamed\.gradle\caches\modules-2\files-2.1\org.lwjgl\lwjgl-assimp\3.3.4\4651577de25afb21511c4b39e1ee3002ab1cad5d\lwjgl-assimp-3.3.4.jar;C:\Users\Jishan Ahamed\.gradle\caches\modules-2\files-2.1\org.lwjgl\lwjgl-assimp\3.3.4\65a7534e8a97b340c5e9716e15339b2b8964d656\lwjgl-assimp-3.3.4-natives-windows.jar;C:\Users\Jishan Ahamed\.gradle\caches\modules-2\files-2.1\org.lwjgl\lwjgl-glfw\3.3.4\7e46ecdec85db8738053cfde1414352cd62dab74\lwjgl-glfw-3.3.4.jar;C:\Users\Jishan Ahamed\.gradle\caches\modules-2\files-2.1\org.lwjgl\lwjgl-glfw\3.3.4\370ef92d15819a123c643dd2b0fc3a2d40bb263c\lwjgl-glfw-3.3.4-natives-windows.jar;C:\Users\Jishan Ahamed\.gradle\caches\modules-2\files-2.1\org.lwjgl\lwjgl-nfd\3.3.4\176827b812b331189e36d4879926f50f4fc37b50\lwjgl-nfd-3.3.4.jar;C:\Users\Jishan Ahamed\.gradle\caches\modules-2\files-2.1\org.lwjgl\lwjgl-nfd\3.3.4\f67e276de66b5666322c6cbc7772786de99634bf\lwjgl-nfd-3.3.4-natives-windows.jar;C:\Users\Jishan Ahamed\.gradle\caches\modules-2\files-2.1\org.lwjgl\lwjgl-openal\3.3.4\9b74d3ea380c83353d42af43ad9659e04dabe84a\lwjgl-openal-3.3.4.jar;C:\Users\Jishan Ahamed\.gradle\caches\modules-2\files-2.1\org.lwjgl\lwjgl-openal\3.3.4\c4de8af803aacda71044418095a71cd63b569a15\lwjgl-openal-3.3.4-natives-windows.jar;C:\Users\Jishan Ahamed\.gradle\caches\modules-2\files-2.1\org.lwjgl\lwjgl-opengl\3.3.4\2852ac7d9f6fc71349f1ce28e2708ff1977f18af\lwjgl-opengl-3.3.4.jar;C:\Users\Jishan Ahamed\.gradle\caches\modules-2\files-2.1\org.lwjgl\lwjgl-opengl\3.3.4\f7ca4e75573a9ce83075bd86bc8a3e49ff106696\lwjgl-opengl-3.3.4-natives-windows.jar;C:\Users\Jishan Ahamed\.gradle\caches\modules-2\files-2.1\org.lwjgl\lwjgl-stb\3.3.4\5821735d5ef23f6da8542887344e57eb181b7cac\lwjgl-stb-3.3.4.jar;C:\Users\Jishan Ahamed\.gradle\caches\modules-2\files-2.1\org.lwjgl\lwjgl-stb\3.3.4\8310e565463ec8d369528e8b26a9b1518d079a01\lwjgl-stb-3.3.4-natives-windows.jar;C:\Users\Jishan Ahamed\.gradle\caches\modules-2\files-2.1\org.lwjgl\lwjgl\3.3.4\b86c3e4832426e8a6b466013b7cb34b40e9ce956\lwjgl-3.3.4.jar;C:\Users\Jishan Ahamed\.gradle\caches\modules-2\files-2.1\org.lwjgl\lwjgl\3.3.4\dd0927c1348cdcd9573fa24b7278ec1ac2bb0a76\lwjgl-3.3.4-natives-windows.jar;C:\Users\Jishan Ahamed\.gradle\caches\modules-2\files-2.1\org.joml\joml\1.10.7\f8c3f2e7db281bde099342dd36133de4bbba390c\joml-1.10.7.jar;C:\Users\Jishan Ahamed\.gradle\caches\modules-2\files-2.1\org.jetbrains.kotlin\kotlin-stdlib-jdk8\1.8.20\73576ddf378c5b4f1f6b449fe6b119b8183fc078\kotlin-stdlib-jdk8-1.8.20.jar;C:\Users\Jishan Ahamed\.gradle\caches\modules-2\files-2.1\org.jetbrains.kotlin\kotlin-stdlib-jdk7\1.8.20\3aa51faf20aae8b31e1a4bc54f8370673d7b7df4\kotlin-stdlib-jdk7-1.8.20.jar;C:\Users\Jishan Ahamed\.gradle\caches\modules-2\files-2.1\org.jetbrains.kotlin\kotlin-stdlib\1.8.20\e72fc5e03ec6c064c678a6bd0d955c88d55b0c4a\kotlin-stdlib-1.8.20.jar;C:\Users\Jishan Ahamed\.gradle\caches\modules-2\files-2.1\org.jetbrains.kotlin\kotlin-stdlib-common\1.8.20\5eddaaf234c8c49d03eebeb6a14feb7f90faca71\kotlin-stdlib-common-1.8.20.jar;C:\Users\Jishan Ahamed\.gradle\caches\modules-2\files-2.1\org.jetbrains\annotations\13.0\919f0dfe192fb4e063e7dacadee7f8bb9a2672a9\annotations-13.0.jar
Launcher Type: SUN_STANDARD

[Global flags]
     intx CICompilerCount                          = 4                                         {product} {ergonomic}
     uint ConcGCThreads                            = 3                                         {product} {ergonomic}
     uint G1ConcRefinementThreads                  = 10                                        {product} {ergonomic}
   size_t G1HeapRegionSize                         = 2097152                                   {product} {ergonomic}
    uintx GCDrainStackTargetSize                   = 64                                        {product} {ergonomic}
   size_t InitialHeapSize                          = 266338304                                 {product} {ergonomic}
   size_t MarkStackSize                            = 4194304                                   {product} {ergonomic}
   size_t MaxHeapSize                              = 4238344192                                {product} {ergonomic}
   size_t MaxNewSize                               = 2541748224                                {product} {ergonomic}
   size_t MinHeapDeltaBytes                        = 2097152                                   {product} {ergonomic}
   size_t MinHeapSize                              = 8388608                                   {product} {ergonomic}
    uintx NonNMethodCodeHeapSize                   = 5839372                                {pd product} {ergonomic}
    uintx NonProfiledCodeHeapSize                  = 122909434                              {pd product} {ergonomic}
    uintx ProfiledCodeHeapSize                     = 122909434                              {pd product} {ergonomic}
    uintx ReservedCodeCacheSize                    = 251658240                              {pd product} {ergonomic}
     bool SegmentedCodeCache                       = true                                      {product} {ergonomic}
   size_t SoftMaxHeapSize                          = 4238344192                             {manageable} {ergonomic}
     bool UseCompressedOops                        = true                           {product lp64_product} {ergonomic}
     bool UseG1GC                                  = true                                      {product} {ergonomic}
     bool UseLargePagesIndividualAllocation        = false                                  {pd product} {ergonomic}

Logging:
Log output configuration:
 #0: stdout all=off uptime,level,tags foldmultilines=false
 #1: stderr all=off uptime,level,tags foldmultilines=false

Environment Variables:
PATH=C:\Program Files\Eclipse Adoptium\jdk-21.0.4.7-hotspot\bin;C:\Windows\system32;C:\Windows;C:\Windows\System32\Wbem;C:\Windows\System32\WindowsPowerShell\v1.0\;C:\Windows\System32\OpenSSH\;C:\Program Files (x86)\NVIDIA Corporation\PhysX\Common;C:\Program Files\NVIDIA Corporation\NVIDIA NvDLISR;C:\WINDOWS\system32;C:\WINDOWS;C:\WINDOWS\System32\Wbem;C:\WINDOWS\System32\WindowsPowerShell\v1.0\;C:\WINDOWS\System32\OpenSSH\;C:\Program Files\dotnet\;C:\Program Files\Git\cmd;C:\Program Files (x86)\Windows Kits\10\Windows Performance Toolkit\;C:\Program Files\CMake\bin;C:\Users\Jishan Ahamed\AppData\Local\Microsoft\WindowsApps;C:\Users\Jishan Ahamed\AppData\Local\Programs\Microsoft VS Code\bin;C:\Users\Jishan Ahamed\.dotnet\tools;C:\msys64\ucrt64\bin;C:\Program Files\Premake;
USERNAME=Jishan Ahamed
OS=Windows_NT
PROCESSOR_IDENTIFIER=Intel64 Family 6 Model 141 Stepping 1, GenuineIntel
TMP=C:\Users\JISHAN~1\AppData\Local\Temp
TEMP=C:\Users\JISHAN~1\AppData\Local\Temp




Periodic native trim disabled

---------------  S Y S T E M  ---------------

OS:
 Windows 11 , 64 bit Build 22621 (10.0.22621.3958)
OS uptime: 0 days 23:22 hours
Hyper-V role detected

CPU: total 12 (initial active 12) (6 cores per cpu, 2 threads per core) family 6 model 141 stepping 1 microcode 0x3c, cx8, cmov, fxsr, ht, mmx, 3dnowpref, sse, sse2, sse3, ssse3, sse4.1, sse4.2, popcnt, lzcnt, tsc, tscinvbit, avx, avx2, aes, erms, clmul, bmi1, bmi2, adx, avx512f, avx512dq, avx512cd, avx512bw, avx512vl, sha, fma, vzeroupper, avx512_vpopcntdq, avx512_vpclmulqdq, avx512_vaes, avx512_vnni, clflush, clflushopt, clwb, avx512_vbmi2, avx512_vbmi, hv, rdtscp, rdpid, fsrm, gfni, avx512_bitalg, f16c, cet_ibt, cet_ss, avx512_ifma
Processor Information for all 12 processors :
  Max Mhz: 2688, Current Mhz: 2688, Mhz Limit: 2688

Memory: 4k page, system-wide physical 16163M (6752M free)
TotalPageFile size 23843M (AvailPageFile size 12725M)
current process WorkingSet (physical memory assigned to process): 177M, peak: 178M
current process commit charge ("private bytes"): 410M, peak: 413M

vm_info: OpenJDK 64-Bit Server VM (21.0.4+7-LTS) for windows-amd64 JRE (21.0.4+7-LTS), built on 2024-07-16T00:00:00Z by "admin" with MS VC++ 17.7 (VS2022)

END.
