#
# A fatal error has been detected by the Java Runtime Environment:
#
#  EXCEPTION_ACCESS_VIOLATION (0xc0000005) at pc=0x00007ffe51fcdbb7, pid=8988, tid=20060
#
# JRE version: OpenJDK Runtime Environment Temurin-21.0.4+7 (21.0.4+7) (build 21.0.4+7-LTS)
# Java VM: OpenJDK 64-Bit Server VM Temurin-21.0.4+7 (21.0.4+7-LTS, mixed mode, sharing, tiered, compressed oops, compressed class ptrs, g1 gc, windows-amd64)
# Problematic frame:
# C  [lwjgl_opengl.dll+0xdbb7]
#
# No core dump will be written. Minidumps are not enabled by default on client versions of Windows
#
# If you would like to submit a bug report, please visit:
#   https://github.com/adoptium/adoptium-support/issues
# The crash happened outside the Java Virtual Machine in native code.
# See problematic frame for where to report the bug.
#

---------------  S U M M A R Y ------------

Command Line: -Dfile.encoding=UTF-8 -Duser.country=IN -Duser.language=en -Duser.variant -ea Main

Host: 11th Gen Intel(R) Core(TM) i5-11400H @ 2.70GHz, 12 cores, 15G,  Windows 11 , 64 bit Build 22621 (10.0.22621.3958)
Time: Mon Oct  7 00:14:02 2024 India Standard Time elapsed time: 0.297805 seconds (0d 0h 0m 0s)

---------------  T H R E A D  ---------------

Current thread (0x000001df43015770):  JavaThread "main"             [_thread_in_native, id=20060, stack(0x0000008ad1600000,0x0000008ad1700000) (1024K)]

Stack: [0x0000008ad1600000,0x0000008ad1700000],  sp=0x0000008ad16ff1f8,  free space=1020k
Native frames: (J=compiled Java code, j=interpreted, Vv=VM code, C=native code)
C  [lwjgl_opengl.dll+0xdbb7]

Java frames: (J=compiled Java code, j=interpreted, Vv=VM code)
j  org.lwjgl.opengl.GL11C.glViewport(IIII)V+0
j  org.lwjgl.opengl.GL11.glViewport(IIII)V+4
j  Engine.Window.Init()V+167
j  Engine.Window.Run()V+15
j  Main.main([Ljava/lang/String;)V+13
v  ~StubRoutines::call_stub 0x000001df54ef10e7

siginfo: EXCEPTION_ACCESS_VIOLATION (0xc0000005), reading address 0x0000000000000a78


Registers:
RAX=0x0000000000000000, RBX=0x000001df65552bf8, RCX=0x0000000000000000, RDX=0x0000000000000000
RSP=0x0000008ad16ff1f8, RBP=0x0000008ad16ff288, RSI=0x0000000000000272, RDI=0x000001df54ef8860
R8 =0x0000000000000780, R9 =0x0000000000000438, R10=0x000001df54efcf1c, R11=0x0000000712d55708
R12=0x0000000000000000, R13=0x000001df65552bf0, R14=0x0000008ad16ff2c0, R15=0x000001df43015770
RIP=0x00007ffe51fcdbb7, EFLAGS=0x0000000000010206


Register to memory mapping:

RAX=0x0 is null
RBX={method} {0x000001df65552c00} 'glViewport' '(IIII)V' in 'org/lwjgl/opengl/GL11C'
RCX=0x0 is null
RDX=0x0 is null
RSP=0x0000008ad16ff1f8 is pointing into the stack for thread: 0x000001df43015770
RBP=0x0000008ad16ff288 is pointing into the stack for thread: 0x000001df43015770
RSI=0x0000000000000272 is an unknown value
RDI=0x000001df54ef8860 is at code_begin+1184 in an Interpreter codelet
return entry points  [0x000001df54ef83c0, 0x000001df54ef8f60]  2976 bytes
R8 =0x0000000000000780 is an unknown value
R9 =0x0000000000000438 is an unknown value
R10=0x000001df54efcf1c is at code_begin+1020 in an Interpreter codelet
native method entry point (kind = native)  [0x000001df54efcb20, 0x000001df54efd748]  3112 bytes
R11=0x0000000712d55708 is an oop: java.lang.Class 
{0x0000000712d55708} - klass: 'java/lang/Class'
 - ---- fields (total size 116 words):
 - private volatile transient 'classRedefinedCount' 'I' @12  0 (0x00000000)
 - injected 'klass' 'J' @16  2057306241688 (0x000001df0101fa98)
 - injected 'array_klass' 'J' @24  0 (0x0000000000000000)
 - injected 'oop_size' 'I' @32  116 (0x00000074)
 - injected 'static_oop_field_count' 'I' @36  0 (0x00000000)
 - private volatile transient 'cachedConstructor' 'Ljava/lang/reflect/Constructor;' @40  null (0x00000000)
 - private transient 'name' 'Ljava/lang/String;' @44  "org.lwjgl.opengl.GL11C"{0x0000000712d55aa8} (0xe25aab55)
 - private transient 'module' 'Ljava/lang/Module;' @48  a 'java/lang/Module'{0x000000071326b150} (0xe264d62a)
 - private final 'classLoader' 'Ljava/lang/ClassLoader;' @52  a 'jdk/internal/loader/ClassLoaders$AppClassLoader'{0x000000071326af90} (0xe264d5f2)
 - private transient 'classData' 'Ljava/lang/Object;' @56  null (0x00000000)
 - private transient 'packageName' 'Ljava/lang/String;' @60  "org.lwjgl.opengl"{0x0000000712cb50e0} (0xe2596a1c)
 - private final 'componentType' 'Ljava/lang/Class;' @64  null (0x00000000)
 - private volatile transient 'reflectionData' 'Ljava/lang/ref/SoftReference;' @68  null (0x00000000)
 - private volatile transient 'genericInfo' 'Lsun/reflect/generics/repository/ClassRepository;' @72  null (0x00000000)
 - private volatile transient 'enumConstants' '[Ljava/lang/Object;' @76  null (0x00000000)
 - private volatile transient 'enumConstantDirectory' 'Ljava/util/Map;' @80  null (0x00000000)
 - private volatile transient 'annotationData' 'Ljava/lang/Class$AnnotationData;' @84  null (0x00000000)
 - private volatile transient 'annotationType' 'Lsun/reflect/annotation/AnnotationType;' @88  null (0x00000000)
 - transient 'classValueMap' 'Ljava/lang/ClassValue$ClassValueMap;' @92  null (0x00000000)
 - injected 'protection_domain' 'Ljava/lang/Object;' @96  a 'java/security/ProtectionDomain'{0x0000000712cd8440} (0xe259b088)
 - injected 'signers_name' 'Ljava/lang/Object;' @100  null (0x00000000)
 - injected 'source_file' 'Ljava/lang/Object;' @104  null (0x00000000)
 - signature: Lorg/lwjgl/opengl/GL11C;
 - ---- static fields (0):
 - public static final 'GL_NEVER' 'I' @112  512 (0x00000200)
 - public static final 'GL_LESS' 'I' @116  513 (0x00000201)
 - public static final 'GL_EQUAL' 'I' @120  514 (0x00000202)
 - public static final 'GL_LEQUAL' 'I' @124  515 (0x00000203)
 - public static final 'GL_GREATER' 'I' @128  516 (0x00000204)
 - public static final 'GL_NOTEQUAL' 'I' @132  517 (0x00000205)
 - public static final 'GL_GEQUAL' 'I' @136  518 (0x00000206)
 - public static final 'GL_ALWAYS' 'I' @140  519 (0x00000207)
 - public static final 'GL_DEPTH_BUFFER_BIT' 'I' @144  256 (0x00000100)
 - public static final 'GL_STENCIL_BUFFER_BIT' 'I' @148  1024 (0x00000400)
 - public static final 'GL_COLOR_BUFFER_BIT' 'I' @152  16384 (0x00004000)
 - public static final 'GL_POINTS' 'I' @156  0 (0x00000000)
 - public static final 'GL_LINES' 'I' @160  1 (0x00000001)
 - public static final 'GL_LINE_LOOP' 'I' @164  2 (0x00000002)
 - public static final 'GL_LINE_STRIP' 'I' @168  3 (0x00000003)
 - public static final 'GL_TRIANGLES' 'I' @172  4 (0x00000004)
 - public static final 'GL_TRIANGLE_STRIP' 'I' @176  5 (0x00000005)
 - public static final 'GL_TRIANGLE_FAN' 'I' @180  6 (0x00000006)
 - public static final 'GL_QUADS' 'I' @184  7 (0x00000007)
 - public static final 'GL_ZERO' 'I' @188  0 (0x00000000)
 - public static final 'GL_ONE' 'I' @192  1 (0x00000001)
 - public static final 'GL_SRC_COLOR' 'I' @196  768 (0x00000300)
 - public static final 'GL_ONE_MINUS_SRC_COLOR' 'I' @200  769 (0x00000301)
 - public static final 'GL_SRC_ALPHA' 'I' @204  770 (0x00000302)
 - public static final 'GL_ONE_MINUS_SRC_ALPHA' 'I' @208  771 (0x00000303)
 - public static final 'GL_DST_ALPHA' 'I' @212  772 (0x00000304)
 - public static final 'GL_ONE_MINUS_DST_ALPHA' 'I' @216  773 (0x00000305)
 - public static final 'GL_DST_COLOR' 'I' @220  774 (0x00000306)
 - public static final 'GL_ONE_MINUS_DST_COLOR' 'I' @224  775 (0x00000307)
 - public static final 'GL_SRC_ALPHA_SATURATE' 'I' @228  776 (0x00000308)
 - public static final 'GL_TRUE' 'I' @232  1 (0x00000001)
 - public static final 'GL_FALSE' 'I' @236  0 (0x00000000)
 - public static final 'GL_BYTE' 'I' @240  5120 (0x00001400)
 - public static final 'GL_UNSIGNED_BYTE' 'I' @244  5121 (0x00001401)
 - public static final 'GL_SHORT' 'I' @248  5122 (0x00001402)
 - public static final 'GL_UNSIGNED_SHORT' 'I' @252  5123 (0x00001403)
 - public static final 'GL_INT' 'I' @256  5124 (0x00001404)
 - public static final 'GL_UNSIGNED_INT' 'I' @260  5125 (0x00001405)
 - public static final 'GL_FLOAT' 'I' @264  5126 (0x00001406)
 - public static final 'GL_DOUBLE' 'I' @268  5130 (0x0000140a)
 - public static final 'GL_NONE' 'I' @272  0 (0x00000000)
 - public static final 'GL_FRONT_LEFT' 'I' @276  1024 (0x00000400)
 - public static final 'GL_FRONT_RIGHT' 'I' @280  1025 (0x00000401)
 - public static final 'GL_BACK_LEFT' 'I' @284  1026 (0x00000402)
 - public static final 'GL_BACK_RIGHT' 'I' @288  1027 (0x00000403)
 - public static final 'GL_FRONT' 'I' @292  1028 (0x00000404)
 - public static final 'GL_BACK' 'I' @296  1029 (0x00000405)
 - public static final 'GL_LEFT' 'I' @300  1030 (0x00000406)
 - public static final 'GL_RIGHT' 'I' @304  1031 (0x00000407)
 - public static final 'GL_FRONT_AND_BACK' 'I' @308  1032 (0x00000408)
 - public static final 'GL_NO_ERROR' 'I' @312  0 (0x00000000)
 - public static final 'GL_INVALID_ENUM' 'I' @316  1280 (0x00000500)
 - public static final 'GL_INVALID_VALUE' 'I' @320  1281 (0x00000501)
 - public static final 'GL_INVALID_OPERATION' 'I' @324  1282 (0x00000502)
 - public static final 'GL_STACK_OVERFLOW' 'I' @328  1283 (0x00000503)
 - public static final 'GL_STACK_UNDERFLOW' 'I' @332  1284 (0x00000504)
 - public static final 'GL_OUT_OF_MEMORY' 'I' @336  1285 (0x00000505)
 - public static final 'GL_CW' 'I' @340  2304 (0x00000900)
 - public static final 'GL_CCW' 'I' @344  2305 (0x00000901)
 - public static final 'GL_POINT_SIZE' 'I' @348  2833 (0x00000b11)
 - public static final 'GL_POINT_SIZE_RANGE' 'I' @352  2834 (0x00000b12)
 - public static final 'GL_POINT_SIZE_GRANULARITY' 'I' @356  2835 (0x00000b13)
 - public static final 'GL_LINE_SMOOTH' 'I' @360  2848 (0x00000b20)
 - public static final 'GL_LINE_WIDTH' 'I' @364  2849 (0x00000b21)
 - public static final 'GL_LINE_WIDTH_RANGE' 'I' @368  2850 (0x00000b22)
 - public static final 'GL_LINE_WIDTH_GRANULARITY' 'I' @372  2851 (0x00000b23)
 - public static final 'GL_POLYGON_MODE' 'I' @376  2880 (0x00000b40)
 - public static final 'GL_POLYGON_SMOOTH' 'I' @380  2881 (0x00000b41)
 - public static final 'GL_CULL_FACE' 'I' @384  2884 (0x00000b44)
 - public static final 'GL_CULL_FACE_MODE' 'I' @388  2885 (0x00000b45)
 - public static final 'GL_FRONT_FACE' 'I' @392  2886 (0x00000b46)
 - public static final 'GL_DEPTH_RANGE' 'I' @396  2928 (0x00000b70)
 - public static final 'GL_DEPTH_TEST' 'I' @400  2929 (0x00000b71)
 - public static final 'GL_DEPTH_WRITEMASK' 'I' @404  2930 (0x00000b72)
 - public static final 'GL_DEPTH_CLEAR_VALUE' 'I' @408  2931 (0x00000b73)
 - public static final 'GL_DEPTH_FUNC' 'I' @412  2932 (0x00000b74)
 - public static final 'GL_STENCIL_TEST' 'I' @416  2960 (0x00000b90)
 - public static final 'GL_STENCIL_CLEAR_VALUE' 'I' @420  2961 (0x00000b91)
 - public static final 'GL_STENCIL_FUNC' 'I' @424  2962 (0x00000b92)
 - public static final 'GL_STENCIL_VALUE_MASK' 'I' @428  2963 (0x00000b93)
 - public static final 'GL_STENCIL_FAIL' 'I' @432  2964 (0x00000b94)
 - public static final 'GL_STENCIL_PASS_DEPTH_FAIL' 'I' @436  2965 (0x00000b95)
 - public static final 'GL_STENCIL_PASS_DEPTH_PASS' 'I' @440  2966 (0x00000b96)
 - public static final 'GL_STENCIL_REF' 'I' @444  2967 (0x00000b97)
 - public static final 'GL_STENCIL_WRITEMASK' 'I' @448  2968 (0x00000b98)
 - public static final 'GL_VIEWPORT' 'I' @452  2978 (0x00000ba2)
 - public static final 'GL_DITHER' 'I' @456  3024 (0x00000bd0)
 - public static final 'GL_BLEND_DST' 'I' @460  3040 (0x00000be0)
 - public static final 'GL_BLEND_SRC' 'I' @464  3041 (0x00000be1)
 - public static final 'GL_BLEND' 'I' @468  3042 (0x00000be2)
 - public static final 'GL_LOGIC_OP_MODE' 'I' @472  3056 (0x00000bf0)
 - public static final 'GL_COLOR_LOGIC_OP' 'I' @476  3058 (0x00000bf2)
 - public static final 'GL_DRAW_BUFFER' 'I' @480  3073 (0x00000c01)
 - public static final 'GL_READ_BUFFER' 'I' @484  3074 (0x00000c02)
 - public static final 'GL_SCISSOR_BOX' 'I' @488  3088 (0x00000c10)
 - public static final 'GL_SCISSOR_TEST' 'I' @492  3089 (0x00000c11)
 - public static final 'GL_COLOR_CLEAR_VALUE' 'I' @496  3106 (0x00000c22)
 - public static final 'GL_COLOR_WRITEMASK' 'I' @500  3107 (0x00000c23)
 - public static final 'GL_DOUBLEBUFFER' 'I' @504  3122 (0x00000c32)
 - public static final 'GL_STEREO' 'I' @508  3123 (0x00000c33)
 - public static final 'GL_LINE_SMOOTH_HINT' 'I' @512  3154 (0x00000c52)
 - public static final 'GL_POLYGON_SMOOTH_HINT' 'I' @516  3155 (0x00000c53)
 - public static final 'GL_UNPACK_SWAP_BYTES' 'I' @520  3312 (0x00000cf0)
 - public static final 'GL_UNPACK_LSB_FIRST' 'I' @524  3313 (0x00000cf1)
 - public static final 'GL_UNPACK_ROW_LENGTH' 'I' @528  3314 (0x00000cf2)
 - public static final 'GL_UNPACK_SKIP_ROWS' 'I' @532  3315 (0x00000cf3)
 - public static final 'GL_UNPACK_SKIP_PIXELS' 'I' @536  3316 (0x00000cf4)
 - public static final 'GL_UNPACK_ALIGNMENT' 'I' @540  3317 (0x00000cf5)
 - public static final 'GL_PACK_SWAP_BYTES' 'I' @544  3328 (0x00000d00)
 - public static final 'GL_PACK_LSB_FIRST' 'I' @548  3329 (0x00000d01)
 - public static final 'GL_PACK_ROW_LENGTH' 'I' @552  3330 (0x00000d02)
 - public static final 'GL_PACK_SKIP_ROWS' 'I' @556  3331 (0x00000d03)
 - public static final 'GL_PACK_SKIP_PIXELS' 'I' @560  3332 (0x00000d04)
 - public static final 'GL_PACK_ALIGNMENT' 'I' @564  3333 (0x00000d05)
 - public static final 'GL_MAX_TEXTURE_SIZE' 'I' @568  3379 (0x00000d33)
 - public static final 'GL_MAX_VIEWPORT_DIMS' 'I' @572  3386 (0x00000d3a)
 - public static final 'GL_SUBPIXEL_BITS' 'I' @576  3408 (0x00000d50)
 - public static final 'GL_TEXTURE_1D' 'I' @580  3552 (0x00000de0)
 - public static final 'GL_TEXTURE_2D' 'I' @584  3553 (0x00000de1)
 - public static final 'GL_TEXTURE_WIDTH' 'I' @588  4096 (0x00001000)
 - public static final 'GL_TEXTURE_HEIGHT' 'I' @592  4097 (0x00001001)
 - public static final 'GL_TEXTURE_INTERNAL_FORMAT' 'I' @596  4099 (0x00001003)
 - public static final 'GL_TEXTURE_BORDER_COLOR' 'I' @600  4100 (0x00001004)
 - public static final 'GL_DONT_CARE' 'I' @604  4352 (0x00001100)
 - public static final 'GL_FASTEST' 'I' @608  4353 (0x00001101)
 - public static final 'GL_NICEST' 'I' @612  4354 (0x00001102)
 - public static final 'GL_CLEAR' 'I' @616  5376 (0x00001500)
 - public static final 'GL_AND' 'I' @620  5377 (0x00001501)
 - public static final 'GL_AND_REVERSE' 'I' @624  5378 (0x00001502)
 - public static final 'GL_COPY' 'I' @628  5379 (0x00001503)
 - public static final 'GL_AND_INVERTED' 'I' @632  5380 (0x00001504)
 - public static final 'GL_NOOP' 'I' @636  5381 (0x00001505)
 - public static final 'GL_XOR' 'I' @640  5382 (0x00001506)
 - public static final 'GL_OR' 'I' @644  5383 (0x00001507)
 - public static final 'GL_NOR' 'I' @648  5384 (0x00001508)
 - public static final 'GL_EQUIV' 'I' @652  5385 (0x00001509)
 - public static final 'GL_INVERT' 'I' @656  5386 (0x0000150a)
 - public static final 'GL_OR_REVERSE' 'I' @660  5387 (0x0000150b)
 - public static final 'GL_COPY_INVERTED' 'I' @664  5388 (0x0000150c)
 - public static final 'GL_OR_INVERTED' 'I' @668  5389 (0x0000150d)
 - public static final 'GL_NAND' 'I' @672  5390 (0x0000150e)
 - public static final 'GL_SET' 'I' @676  5391 (0x0000150f)
 - public static final 'GL_TEXTURE' 'I' @680  5890 (0x00001702)
 - public static final 'GL_COLOR' 'I' @684  6144 (0x00001800)
 - public static final 'GL_DEPTH' 'I' @688  6145 (0x00001801)
 - public static final 'GL_STENCIL' 'I' @692  6146 (0x00001802)
 - public static final 'GL_STENCIL_INDEX' 'I' @696  6401 (0x00001901)
 - public static final 'GL_DEPTH_COMPONENT' 'I' @700  6402 (0x00001902)
 - public static final 'GL_RED' 'I' @704  6403 (0x00001903)
 - public static final 'GL_GREEN' 'I' @708  6404 (0x00001904)
 - public static final 'GL_BLUE' 'I' @712  6405 (0x00001905)
 - public static final 'GL_ALPHA' 'I' @716  6406 (0x00001906)
 - public static final 'GL_RGB' 'I' @720  6407 (0x00001907)
 - public static final 'GL_RGBA' 'I' @724  6408 (0x00001908)
 - public static final 'GL_POINT' 'I' @728  6912 (0x00001b00)
 - public static final 'GL_LINE' 'I' @732  6913 (0x00001b01)
 - public static final 'GL_FILL' 'I' @736  6914 (0x00001b02)
 - public static final 'GL_KEEP' 'I' @740  7680 (0x00001e00)
 - public static final 'GL_REPLACE' 'I' @744  7681 (0x00001e01)
 - public static final 'GL_INCR' 'I' @748  7682 (0x00001e02)
 - public static final 'GL_DECR' 'I' @752  7683 (0x00001e03)
 - public static final 'GL_VENDOR' 'I' @756  7936 (0x00001f00)
 - public static final 'GL_RENDERER' 'I' @760  7937 (0x00001f01)
 - public static final 'GL_VERSION' 'I' @764  7938 (0x00001f02)
 - public static final 'GL_EXTENSIONS' 'I' @768  7939 (0x00001f03)
 - public static final 'GL_NEAREST' 'I' @772  9728 (0x00002600)
 - public static final 'GL_LINEAR' 'I' @776  9729 (0x00002601)
 - public static final 'GL_NEAREST_MIPMAP_NEAREST' 'I' @780  9984 (0x00002700)
 - public static final 'GL_LINEAR_MIPMAP_NEAREST' 'I' @784  9985 (0x00002701)
 - public static final 'GL_NEAREST_MIPMAP_LINEAR' 'I' @788  9986 (0x00002702)
 - public static final 'GL_LINEAR_MIPMAP_LINEAR' 'I' @792  9987 (0x00002703)
 - public static final 'GL_TEXTURE_MAG_FILTER' 'I' @796  10240 (0x00002800)
 - public static final 'GL_TEXTURE_MIN_FILTER' 'I' @800  10241 (0x00002801)
 - public static final 'GL_TEXTURE_WRAP_S' 'I' @804  10242 (0x00002802)
 - public static final 'GL_TEXTURE_WRAP_T' 'I' @808  10243 (0x00002803)
 - public static final 'GL_REPEAT' 'I' @812  10497 (0x00002901)
 - public static final 'GL_POLYGON_OFFSET_FACTOR' 'I' @816  32824 (0x00008038)
 - public static final 'GL_POLYGON_OFFSET_UNITS' 'I' @820  10752 (0x00002a00)
 - public static final 'GL_POLYGON_OFFSET_POINT' 'I' @824  10753 (0x00002a01)
 - public static final 'GL_POLYGON_OFFSET_LINE' 'I' @828  10754 (0x00002a02)
 - public static final 'GL_POLYGON_OFFSET_FILL' 'I' @832  32823 (0x00008037)
 - public static final 'GL_R3_G3_B2' 'I' @836  10768 (0x00002a10)
 - public static final 'GL_RGB4' 'I' @840  32847 (0x0000804f)
 - public static final 'GL_RGB5' 'I' @844  32848 (0x00008050)
 - public static final 'GL_RGB8' 'I' @848  32849 (0x00008051)
 - public static final 'GL_RGB10' 'I' @852  32850 (0x00008052)
 - public static final 'GL_RGB12' 'I' @856  32851 (0x00008053)
 - public static final 'GL_RGB16' 'I' @860  32852 (0x00008054)
 - public static final 'GL_RGBA2' 'I' @864  32853 (0x00008055)
 - public static final 'GL_RGBA4' 'I' @868  32854 (0x00008056)
 - public static final 'GL_RGB5_A1' 'I' @872  32855 (0x00008057)
 - public static final 'GL_RGBA8' 'I' @876  32856 (0x00008058)
 - public static final 'GL_RGB10_A2' 'I' @880  32857 (0x00008059)
 - public static final 'GL_RGBA12' 'I' @884  32858 (0x0000805a)
 - public static final 'GL_RGBA16' 'I' @888  32859 (0x0000805b)
 - public static final 'GL_TEXTURE_RED_SIZE' 'I' @892  32860 (0x0000805c)
 - public static final 'GL_TEXTURE_GREEN_SIZE' 'I' @896  32861 (0x0000805d)
 - public static final 'GL_TEXTURE_BLUE_SIZE' 'I' @900  32862 (0x0000805e)
 - public static final 'GL_TEXTURE_ALPHA_SIZE' 'I' @904  32863 (0x0000805f)
 - public static final 'GL_PROXY_TEXTURE_1D' 'I' @908  32867 (0x00008063)
 - public static final 'GL_PROXY_TEXTURE_2D' 'I' @912  32868 (0x00008064)
 - public static final 'GL_TEXTURE_BINDING_1D' 'I' @916  32872 (0x00008068)
 - public static final 'GL_TEXTURE_BINDING_2D' 'I' @920  32873 (0x00008069)
 - public static final 'GL_VERTEX_ARRAY' 'I' @924  32884 (0x00008074)
R12=0x0 is null
R13=0x000001df65552bf0 is pointing into metadata
R14=0x0000008ad16ff2c0 is pointing into the stack for thread: 0x000001df43015770
R15=0x000001df43015770 is a thread

Top of Stack: (sp=0x0000008ad16ff1f8)
0x0000008ad16ff1f8:   000001df54efcf4b 000001df54ef8860
0x0000008ad16ff208:   000001df54efcc22 000001df65552bf8
0x0000008ad16ff218:   0000000000000272 000001df00000780
0x0000008ad16ff228:   00007ffe00000438 3ff0000000000000
0x0000008ad16ff238:   000001df54efcbdf 0000008ad16ff240
0x0000008ad16ff248:   000001df65552bf0 0000000000000007
0x0000008ad16ff258:   000001df65556710 0000000000000000
0x0000008ad16ff268:   0000000712d55708 000001df65552bf8
0x0000008ad16ff278:   0000000000000000 0000008ad16ff2a8
0x0000008ad16ff288:   0000008ad16ff310 000001df54ef8860
0x0000008ad16ff298:   0000000712d55708 000001df54efa3d7
0x0000008ad16ff2a8:   0000000000000438 0000000000000780
0x0000008ad16ff2b8:   0000000000000000 0000000000000000
0x0000008ad16ff2c8:   0000008ad16ff2c8 000001df6552fd6c
0x0000008ad16ff2d8:   0000000000000005 000001df6553c248
0x0000008ad16ff2e8:   0000000000000000 0000000712cd86b0
0x0000008ad16ff2f8:   000001df6552fdb8 0000008ad16ff2a8
0x0000008ad16ff308:   0000008ad16ff320 0000008ad16ff388
0x0000008ad16ff318:   000001df54ef8860 0000000000000438
0x0000008ad16ff328:   0000000000000780 0000000000000000
0x0000008ad16ff338:   0000000000000000 0000008ad16ff340
0x0000008ad16ff348:   000001df6540163f 0000000000000002
0x0000008ad16ff358:   000001df65402ea8 0000000000000000
0x0000008ad16ff368:   00000007133f0520 000001df65401678
0x0000008ad16ff378:   0000008ad16ff320 0000008ad16ff398
0x0000008ad16ff388:   0000008ad16ff3e8 000001df54ef8860
0x0000008ad16ff398:   00000007133f3db8 0000008ad16ff3a0
0x0000008ad16ff3a8:   000001df654014cf 0000000000000002
0x0000008ad16ff3b8:   000001df65402ea8 0000000000000000
0x0000008ad16ff3c8:   00000007133f0520 000001df65401508
0x0000008ad16ff3d8:   0000008ad16ff398 0000008ad16ff3f8
0x0000008ad16ff3e8:   0000008ad16ff448 000001df54ef8860 

Instructions: (pc=0x00007ffe51fcdbb7)
0x00007ffe51fcdab7:   00 00 89 c1 49 ff e1 cc cc 56 57 48 83 ec 38 44
0x00007ffe51fcdac7:   89 ca 44 89 c0 44 8b 44 24 70 44 8b 4c 24 78 44
0x00007ffe51fcdad7:   8b 94 24 80 00 00 00 44 8b 9c 24 88 00 00 00 48
0x00007ffe51fcdae7:   8b b4 24 90 00 00 00 48 8b 09 48 8b 79 18 48 89
0x00007ffe51fcdaf7:   74 24 30 44 89 5c 24 28 44 89 54 24 20 89 c1 ff
0x00007ffe51fcdb07:   97 90 09 00 00 90 48 83 c4 38 5f 5e c3 cc cc cc
0x00007ffe51fcdb17:   cc cc cc cc cc cc cc cc cc 41 56 56 57 53 48 83
0x00007ffe51fcdb27:   ec 48 44 89 ca 44 89 c0 44 8b 84 24 90 00 00 00
0x00007ffe51fcdb37:   44 8b 8c 24 98 00 00 00 44 8b 94 24 a0 00 00 00
0x00007ffe51fcdb47:   44 8b 9c 24 a8 00 00 00 8b b4 24 b0 00 00 00 8b
0x00007ffe51fcdb57:   bc 24 b8 00 00 00 48 8b 9c 24 c0 00 00 00 48 8b
0x00007ffe51fcdb67:   09 4c 8b 71 18 48 89 5c 24 40 89 7c 24 38 89 74
0x00007ffe51fcdb77:   24 30 44 89 5c 24 28 44 89 54 24 20 89 c1 41 ff
0x00007ffe51fcdb87:   96 98 09 00 00 90 48 83 c4 48 5b 5f 5e 41 5e c3
0x00007ffe51fcdb97:   cc cc cc cc cc cc cc cc cc 44 89 ca 44 89 c0 44
0x00007ffe51fcdba7:   8b 44 24 28 44 8b 4c 24 30 48 8b 09 48 8b 49 18
0x00007ffe51fcdbb7:   4c 8b 91 78 0a 00 00 89 c1 49 ff e2 cc cc cc cc
0x00007ffe51fcdbc7:   cc cc cc cc cc cc cc cc cc 41 57 41 56 56 57 53
0x00007ffe51fcdbd7:   48 83 ec 50 44 89 ca 44 89 c0 44 8b 84 24 a0 00
0x00007ffe51fcdbe7:   00 00 44 8b 8c 24 a8 00 00 00 44 8b 94 24 b0 00
0x00007ffe51fcdbf7:   00 00 44 8b 9c 24 b8 00 00 00 8b b4 24 c0 00 00
0x00007ffe51fcdc07:   00 8b bc 24 c8 00 00 00 8b 9c 24 d0 00 00 00 4c
0x00007ffe51fcdc17:   8b b4 24 d8 00 00 00 48 8b 09 4c 8b 79 18 4c 89
0x00007ffe51fcdc27:   74 24 48 89 5c 24 40 89 7c 24 38 89 74 24 30 44
0x00007ffe51fcdc37:   89 5c 24 28 44 89 54 24 20 89 c1 41 ff 97 80 0a
0x00007ffe51fcdc47:   00 00 90 48 83 c4 50 5b 5f 5e 41 5e 41 5f c3 cc
0x00007ffe51fcdc57:   cc cc cc cc cc cc cc cc cc 41 57 41 56 56 57 55
0x00007ffe51fcdc67:   53 48 83 ec 58 44 89 ca 44 89 c0 44 8b 84 24 b0
0x00007ffe51fcdc77:   00 00 00 44 8b 8c 24 b8 00 00 00 44 8b 94 24 c0
0x00007ffe51fcdc87:   00 00 00 44 8b 9c 24 c8 00 00 00 8b b4 24 d0 00
0x00007ffe51fcdc97:   00 00 8b bc 24 d8 00 00 00 8b 9c 24 e0 00 00 00
0x00007ffe51fcdca7:   8b ac 24 e8 00 00 00 4c 8b b4 24 f0 00 00 00 48 


Stack slot to memory mapping:

stack at sp + 0 slots: 0x000001df54efcf4b is at code_begin+1067 in an Interpreter codelet
native method entry point (kind = native)  [0x000001df54efcb20, 0x000001df54efd748]  3112 bytes
stack at sp + 1 slots: 0x000001df54ef8860 is at code_begin+1184 in an Interpreter codelet
return entry points  [0x000001df54ef83c0, 0x000001df54ef8f60]  2976 bytes
stack at sp + 2 slots: 0x000001df54efcc22 is at code_begin+258 in an Interpreter codelet
native method entry point (kind = native)  [0x000001df54efcb20, 0x000001df54efd748]  3112 bytes
stack at sp + 3 slots: {method} {0x000001df65552c00} 'glViewport' '(IIII)V' in 'org/lwjgl/opengl/GL11C'
stack at sp + 4 slots: 0x0000000000000272 is an unknown value
stack at sp + 5 slots: 0x000001df00000780 is pointing into metadata
stack at sp + 6 slots: 0x00007ffe00000438 is an unknown value
stack at sp + 7 slots: 0x3ff0000000000000 is an unknown value


---------------  P R O C E S S  ---------------

Threads class SMR info:
_java_thread_list=0x000001df6901c690, length=12, elements={
0x000001df43015770, 0x000001df64ad0c10, 0x000001df64ad5880, 0x000001df64ada5e0,
0x000001df64add140, 0x000001df64ade060, 0x000001df64adf2f0, 0x000001df64ae3ed0,
0x000001df64aebf90, 0x000001df64c86300, 0x000001df64c89190, 0x000001df69178650
}

Java Threads: ( => current thread )
=>0x000001df43015770 JavaThread "main"                              [_thread_in_native, id=20060, stack(0x0000008ad1600000,0x0000008ad1700000) (1024K)]
  0x000001df64ad0c10 JavaThread "Reference Handler"          daemon [_thread_blocked, id=2932, stack(0x0000008ad1e00000,0x0000008ad1f00000) (1024K)]
  0x000001df64ad5880 JavaThread "Finalizer"                  daemon [_thread_blocked, id=17252, stack(0x0000008ad1f00000,0x0000008ad2000000) (1024K)]
  0x000001df64ada5e0 JavaThread "Signal Dispatcher"          daemon [_thread_blocked, id=7196, stack(0x0000008ad2000000,0x0000008ad2100000) (1024K)]
  0x000001df64add140 JavaThread "Attach Listener"            daemon [_thread_blocked, id=1364, stack(0x0000008ad2100000,0x0000008ad2200000) (1024K)]
  0x000001df64ade060 JavaThread "Service Thread"             daemon [_thread_blocked, id=16628, stack(0x0000008ad2200000,0x0000008ad2300000) (1024K)]
  0x000001df64adf2f0 JavaThread "Monitor Deflation Thread"   daemon [_thread_blocked, id=20036, stack(0x0000008ad2300000,0x0000008ad2400000) (1024K)]
  0x000001df64ae3ed0 JavaThread "C2 CompilerThread0"         daemon [_thread_blocked, id=13720, stack(0x0000008ad2400000,0x0000008ad2500000) (1024K)]
  0x000001df64aebf90 JavaThread "C1 CompilerThread0"         daemon [_thread_blocked, id=11712, stack(0x0000008ad2500000,0x0000008ad2600000) (1024K)]
  0x000001df64c86300 JavaThread "Notification Thread"        daemon [_thread_blocked, id=2292, stack(0x0000008ad2600000,0x0000008ad2700000) (1024K)]
  0x000001df64c89190 JavaThread "Common-Cleaner"             daemon [_thread_blocked, id=15196, stack(0x0000008ad2700000,0x0000008ad2800000) (1024K)]
  0x000001df69178650 JavaThread "C2 CompilerThread1"         daemon [_thread_blocked, id=20424, stack(0x0000008ad2800000,0x0000008ad2900000) (1024K)]
Total: 12

Other Threads:
  0x000001df64347650 VMThread "VM Thread"                           [id=16016, stack(0x0000008ad1d00000,0x0000008ad1e00000) (1024K)]
  0x000001df6432fa90 WatcherThread "VM Periodic Task Thread"        [id=20144, stack(0x0000008ad1c00000,0x0000008ad1d00000) (1024K)]
  0x000001df45381840 WorkerThread "GC Thread#0"                     [id=16884, stack(0x0000008ad1700000,0x0000008ad1800000) (1024K)]
  0x000001df453922c0 ConcurrentGCThread "G1 Main Marker"            [id=20032, stack(0x0000008ad1800000,0x0000008ad1900000) (1024K)]
  0x000001df453930c0 WorkerThread "G1 Conc#0"                       [id=7788, stack(0x0000008ad1900000,0x0000008ad1a00000) (1024K)]
  0x000001df641ffb30 ConcurrentGCThread "G1 Refine#0"               [id=19424, stack(0x0000008ad1a00000,0x0000008ad1b00000) (1024K)]
  0x000001df642005b0 ConcurrentGCThread "G1 Service"                [id=10528, stack(0x0000008ad1b00000,0x0000008ad1c00000) (1024K)]
Total: 7

Threads with active compile tasks:
Total: 0

VM state: not at safepoint (normal execution)

VM Mutex/Monitor currently owned by a thread: None

Heap address: 0x0000000703600000, size: 4042 MB, Compressed Oops mode: Zero based, Oop shift amount: 3

CDS archive(s) mapped at: [0x000001df00000000-0x000001df00c90000-0x000001df00c90000), size 13172736, SharedBaseAddress: 0x000001df00000000, ArchiveRelocationMode: 1.
Compressed class space mapped at: 0x000001df01000000-0x000001df41000000, reserved size: 1073741824
Narrow klass base: 0x000001df00000000, Narrow klass shift: 0, Narrow klass range: 0x100000000

GC Precious Log:
 CardTable entry size: 512
 Card Set container configuration: InlinePtr #cards 4 size 8 Array Of Cards #cards 16 size 48 Howl #buckets 8 coarsen threshold 3686 Howl Bitmap #cards 512 size 80 coarsen threshold 460 Card regions per heap region 1 cards per card region 4096
 CPUs: 12 total, 12 available
 Memory: 16163M
 Large Page Support: Disabled
 NUMA Support: Disabled
 Compressed Oops: Enabled (Zero based)
 Heap Region Size: 2M
 Heap Min Capacity: 8M
 Heap Initial Capacity: 254M
 Heap Max Capacity: 4042M
 Pre-touch: Disabled
 Parallel Workers: 10
 Concurrent Workers: 3
 Concurrent Refinement Workers: 10
 Periodic GC: Disabled

Heap:
 garbage-first heap   total 260096K, used 6144K [0x0000000703600000, 0x0000000800000000)
  region size 2048K, 4 young (8192K), 0 survivors (0K)
 Metaspace       used 3061K, committed 3200K, reserved 1114112K
  class space    used 216K, committed 256K, reserved 1048576K

Heap Regions: E=young(eden), S=young(survivor), O=old, HS=humongous(starts), HC=humongous(continues), CS=collection set, F=free, TAMS=top-at-mark-start, PB=parsable bottom
|   0|0x0000000703600000, 0x0000000703600000, 0x0000000703800000|  0%| F|  |TAMS 0x0000000703600000| PB 0x0000000703600000| Untracked 
|   1|0x0000000703800000, 0x0000000703800000, 0x0000000703a00000|  0%| F|  |TAMS 0x0000000703800000| PB 0x0000000703800000| Untracked 
|   2|0x0000000703a00000, 0x0000000703a00000, 0x0000000703c00000|  0%| F|  |TAMS 0x0000000703a00000| PB 0x0000000703a00000| Untracked 
|   3|0x0000000703c00000, 0x0000000703c00000, 0x0000000703e00000|  0%| F|  |TAMS 0x0000000703c00000| PB 0x0000000703c00000| Untracked 
|   4|0x0000000703e00000, 0x0000000703e00000, 0x0000000704000000|  0%| F|  |TAMS 0x0000000703e00000| PB 0x0000000703e00000| Untracked 
|   5|0x0000000704000000, 0x0000000704000000, 0x0000000704200000|  0%| F|  |TAMS 0x0000000704000000| PB 0x0000000704000000| Untracked 
|   6|0x0000000704200000, 0x0000000704200000, 0x0000000704400000|  0%| F|  |TAMS 0x0000000704200000| PB 0x0000000704200000| Untracked 
|   7|0x0000000704400000, 0x0000000704400000, 0x0000000704600000|  0%| F|  |TAMS 0x0000000704400000| PB 0x0000000704400000| Untracked 
|   8|0x0000000704600000, 0x0000000704600000, 0x0000000704800000|  0%| F|  |TAMS 0x0000000704600000| PB 0x0000000704600000| Untracked 
|   9|0x0000000704800000, 0x0000000704800000, 0x0000000704a00000|  0%| F|  |TAMS 0x0000000704800000| PB 0x0000000704800000| Untracked 
|  10|0x0000000704a00000, 0x0000000704a00000, 0x0000000704c00000|  0%| F|  |TAMS 0x0000000704a00000| PB 0x0000000704a00000| Untracked 
|  11|0x0000000704c00000, 0x0000000704c00000, 0x0000000704e00000|  0%| F|  |TAMS 0x0000000704c00000| PB 0x0000000704c00000| Untracked 
|  12|0x0000000704e00000, 0x0000000704e00000, 0x0000000705000000|  0%| F|  |TAMS 0x0000000704e00000| PB 0x0000000704e00000| Untracked 
|  13|0x0000000705000000, 0x0000000705000000, 0x0000000705200000|  0%| F|  |TAMS 0x0000000705000000| PB 0x0000000705000000| Untracked 
|  14|0x0000000705200000, 0x0000000705200000, 0x0000000705400000|  0%| F|  |TAMS 0x0000000705200000| PB 0x0000000705200000| Untracked 
|  15|0x0000000705400000, 0x0000000705400000, 0x0000000705600000|  0%| F|  |TAMS 0x0000000705400000| PB 0x0000000705400000| Untracked 
|  16|0x0000000705600000, 0x0000000705600000, 0x0000000705800000|  0%| F|  |TAMS 0x0000000705600000| PB 0x0000000705600000| Untracked 
|  17|0x0000000705800000, 0x0000000705800000, 0x0000000705a00000|  0%| F|  |TAMS 0x0000000705800000| PB 0x0000000705800000| Untracked 
|  18|0x0000000705a00000, 0x0000000705a00000, 0x0000000705c00000|  0%| F|  |TAMS 0x0000000705a00000| PB 0x0000000705a00000| Untracked 
|  19|0x0000000705c00000, 0x0000000705c00000, 0x0000000705e00000|  0%| F|  |TAMS 0x0000000705c00000| PB 0x0000000705c00000| Untracked 
|  20|0x0000000705e00000, 0x0000000705e00000, 0x0000000706000000|  0%| F|  |TAMS 0x0000000705e00000| PB 0x0000000705e00000| Untracked 
|  21|0x0000000706000000, 0x0000000706000000, 0x0000000706200000|  0%| F|  |TAMS 0x0000000706000000| PB 0x0000000706000000| Untracked 
|  22|0x0000000706200000, 0x0000000706200000, 0x0000000706400000|  0%| F|  |TAMS 0x0000000706200000| PB 0x0000000706200000| Untracked 
|  23|0x0000000706400000, 0x0000000706400000, 0x0000000706600000|  0%| F|  |TAMS 0x0000000706400000| PB 0x0000000706400000| Untracked 
|  24|0x0000000706600000, 0x0000000706600000, 0x0000000706800000|  0%| F|  |TAMS 0x0000000706600000| PB 0x0000000706600000| Untracked 
|  25|0x0000000706800000, 0x0000000706800000, 0x0000000706a00000|  0%| F|  |TAMS 0x0000000706800000| PB 0x0000000706800000| Untracked 
|  26|0x0000000706a00000, 0x0000000706a00000, 0x0000000706c00000|  0%| F|  |TAMS 0x0000000706a00000| PB 0x0000000706a00000| Untracked 
|  27|0x0000000706c00000, 0x0000000706c00000, 0x0000000706e00000|  0%| F|  |TAMS 0x0000000706c00000| PB 0x0000000706c00000| Untracked 
|  28|0x0000000706e00000, 0x0000000706e00000, 0x0000000707000000|  0%| F|  |TAMS 0x0000000706e00000| PB 0x0000000706e00000| Untracked 
|  29|0x0000000707000000, 0x0000000707000000, 0x0000000707200000|  0%| F|  |TAMS 0x0000000707000000| PB 0x0000000707000000| Untracked 
|  30|0x0000000707200000, 0x0000000707200000, 0x0000000707400000|  0%| F|  |TAMS 0x0000000707200000| PB 0x0000000707200000| Untracked 
|  31|0x0000000707400000, 0x0000000707400000, 0x0000000707600000|  0%| F|  |TAMS 0x0000000707400000| PB 0x0000000707400000| Untracked 
|  32|0x0000000707600000, 0x0000000707600000, 0x0000000707800000|  0%| F|  |TAMS 0x0000000707600000| PB 0x0000000707600000| Untracked 
|  33|0x0000000707800000, 0x0000000707800000, 0x0000000707a00000|  0%| F|  |TAMS 0x0000000707800000| PB 0x0000000707800000| Untracked 
|  34|0x0000000707a00000, 0x0000000707a00000, 0x0000000707c00000|  0%| F|  |TAMS 0x0000000707a00000| PB 0x0000000707a00000| Untracked 
|  35|0x0000000707c00000, 0x0000000707c00000, 0x0000000707e00000|  0%| F|  |TAMS 0x0000000707c00000| PB 0x0000000707c00000| Untracked 
|  36|0x0000000707e00000, 0x0000000707e00000, 0x0000000708000000|  0%| F|  |TAMS 0x0000000707e00000| PB 0x0000000707e00000| Untracked 
|  37|0x0000000708000000, 0x0000000708000000, 0x0000000708200000|  0%| F|  |TAMS 0x0000000708000000| PB 0x0000000708000000| Untracked 
|  38|0x0000000708200000, 0x0000000708200000, 0x0000000708400000|  0%| F|  |TAMS 0x0000000708200000| PB 0x0000000708200000| Untracked 
|  39|0x0000000708400000, 0x0000000708400000, 0x0000000708600000|  0%| F|  |TAMS 0x0000000708400000| PB 0x0000000708400000| Untracked 
|  40|0x0000000708600000, 0x0000000708600000, 0x0000000708800000|  0%| F|  |TAMS 0x0000000708600000| PB 0x0000000708600000| Untracked 
|  41|0x0000000708800000, 0x0000000708800000, 0x0000000708a00000|  0%| F|  |TAMS 0x0000000708800000| PB 0x0000000708800000| Untracked 
|  42|0x0000000708a00000, 0x0000000708a00000, 0x0000000708c00000|  0%| F|  |TAMS 0x0000000708a00000| PB 0x0000000708a00000| Untracked 
|  43|0x0000000708c00000, 0x0000000708c00000, 0x0000000708e00000|  0%| F|  |TAMS 0x0000000708c00000| PB 0x0000000708c00000| Untracked 
|  44|0x0000000708e00000, 0x0000000708e00000, 0x0000000709000000|  0%| F|  |TAMS 0x0000000708e00000| PB 0x0000000708e00000| Untracked 
|  45|0x0000000709000000, 0x0000000709000000, 0x0000000709200000|  0%| F|  |TAMS 0x0000000709000000| PB 0x0000000709000000| Untracked 
|  46|0x0000000709200000, 0x0000000709200000, 0x0000000709400000|  0%| F|  |TAMS 0x0000000709200000| PB 0x0000000709200000| Untracked 
|  47|0x0000000709400000, 0x0000000709400000, 0x0000000709600000|  0%| F|  |TAMS 0x0000000709400000| PB 0x0000000709400000| Untracked 
|  48|0x0000000709600000, 0x0000000709600000, 0x0000000709800000|  0%| F|  |TAMS 0x0000000709600000| PB 0x0000000709600000| Untracked 
|  49|0x0000000709800000, 0x0000000709800000, 0x0000000709a00000|  0%| F|  |TAMS 0x0000000709800000| PB 0x0000000709800000| Untracked 
|  50|0x0000000709a00000, 0x0000000709a00000, 0x0000000709c00000|  0%| F|  |TAMS 0x0000000709a00000| PB 0x0000000709a00000| Untracked 
|  51|0x0000000709c00000, 0x0000000709c00000, 0x0000000709e00000|  0%| F|  |TAMS 0x0000000709c00000| PB 0x0000000709c00000| Untracked 
|  52|0x0000000709e00000, 0x0000000709e00000, 0x000000070a000000|  0%| F|  |TAMS 0x0000000709e00000| PB 0x0000000709e00000| Untracked 
|  53|0x000000070a000000, 0x000000070a000000, 0x000000070a200000|  0%| F|  |TAMS 0x000000070a000000| PB 0x000000070a000000| Untracked 
|  54|0x000000070a200000, 0x000000070a200000, 0x000000070a400000|  0%| F|  |TAMS 0x000000070a200000| PB 0x000000070a200000| Untracked 
|  55|0x000000070a400000, 0x000000070a400000, 0x000000070a600000|  0%| F|  |TAMS 0x000000070a400000| PB 0x000000070a400000| Untracked 
|  56|0x000000070a600000, 0x000000070a600000, 0x000000070a800000|  0%| F|  |TAMS 0x000000070a600000| PB 0x000000070a600000| Untracked 
|  57|0x000000070a800000, 0x000000070a800000, 0x000000070aa00000|  0%| F|  |TAMS 0x000000070a800000| PB 0x000000070a800000| Untracked 
|  58|0x000000070aa00000, 0x000000070aa00000, 0x000000070ac00000|  0%| F|  |TAMS 0x000000070aa00000| PB 0x000000070aa00000| Untracked 
|  59|0x000000070ac00000, 0x000000070ac00000, 0x000000070ae00000|  0%| F|  |TAMS 0x000000070ac00000| PB 0x000000070ac00000| Untracked 
|  60|0x000000070ae00000, 0x000000070ae00000, 0x000000070b000000|  0%| F|  |TAMS 0x000000070ae00000| PB 0x000000070ae00000| Untracked 
|  61|0x000000070b000000, 0x000000070b000000, 0x000000070b200000|  0%| F|  |TAMS 0x000000070b000000| PB 0x000000070b000000| Untracked 
|  62|0x000000070b200000, 0x000000070b200000, 0x000000070b400000|  0%| F|  |TAMS 0x000000070b200000| PB 0x000000070b200000| Untracked 
|  63|0x000000070b400000, 0x000000070b400000, 0x000000070b600000|  0%| F|  |TAMS 0x000000070b400000| PB 0x000000070b400000| Untracked 
|  64|0x000000070b600000, 0x000000070b600000, 0x000000070b800000|  0%| F|  |TAMS 0x000000070b600000| PB 0x000000070b600000| Untracked 
|  65|0x000000070b800000, 0x000000070b800000, 0x000000070ba00000|  0%| F|  |TAMS 0x000000070b800000| PB 0x000000070b800000| Untracked 
|  66|0x000000070ba00000, 0x000000070ba00000, 0x000000070bc00000|  0%| F|  |TAMS 0x000000070ba00000| PB 0x000000070ba00000| Untracked 
|  67|0x000000070bc00000, 0x000000070bc00000, 0x000000070be00000|  0%| F|  |TAMS 0x000000070bc00000| PB 0x000000070bc00000| Untracked 
|  68|0x000000070be00000, 0x000000070be00000, 0x000000070c000000|  0%| F|  |TAMS 0x000000070be00000| PB 0x000000070be00000| Untracked 
|  69|0x000000070c000000, 0x000000070c000000, 0x000000070c200000|  0%| F|  |TAMS 0x000000070c000000| PB 0x000000070c000000| Untracked 
|  70|0x000000070c200000, 0x000000070c200000, 0x000000070c400000|  0%| F|  |TAMS 0x000000070c200000| PB 0x000000070c200000| Untracked 
|  71|0x000000070c400000, 0x000000070c400000, 0x000000070c600000|  0%| F|  |TAMS 0x000000070c400000| PB 0x000000070c400000| Untracked 
|  72|0x000000070c600000, 0x000000070c600000, 0x000000070c800000|  0%| F|  |TAMS 0x000000070c600000| PB 0x000000070c600000| Untracked 
|  73|0x000000070c800000, 0x000000070c800000, 0x000000070ca00000|  0%| F|  |TAMS 0x000000070c800000| PB 0x000000070c800000| Untracked 
|  74|0x000000070ca00000, 0x000000070ca00000, 0x000000070cc00000|  0%| F|  |TAMS 0x000000070ca00000| PB 0x000000070ca00000| Untracked 
|  75|0x000000070cc00000, 0x000000070cc00000, 0x000000070ce00000|  0%| F|  |TAMS 0x000000070cc00000| PB 0x000000070cc00000| Untracked 
|  76|0x000000070ce00000, 0x000000070ce00000, 0x000000070d000000|  0%| F|  |TAMS 0x000000070ce00000| PB 0x000000070ce00000| Untracked 
|  77|0x000000070d000000, 0x000000070d000000, 0x000000070d200000|  0%| F|  |TAMS 0x000000070d000000| PB 0x000000070d000000| Untracked 
|  78|0x000000070d200000, 0x000000070d200000, 0x000000070d400000|  0%| F|  |TAMS 0x000000070d200000| PB 0x000000070d200000| Untracked 
|  79|0x000000070d400000, 0x000000070d400000, 0x000000070d600000|  0%| F|  |TAMS 0x000000070d400000| PB 0x000000070d400000| Untracked 
|  80|0x000000070d600000, 0x000000070d600000, 0x000000070d800000|  0%| F|  |TAMS 0x000000070d600000| PB 0x000000070d600000| Untracked 
|  81|0x000000070d800000, 0x000000070d800000, 0x000000070da00000|  0%| F|  |TAMS 0x000000070d800000| PB 0x000000070d800000| Untracked 
|  82|0x000000070da00000, 0x000000070da00000, 0x000000070dc00000|  0%| F|  |TAMS 0x000000070da00000| PB 0x000000070da00000| Untracked 
|  83|0x000000070dc00000, 0x000000070dc00000, 0x000000070de00000|  0%| F|  |TAMS 0x000000070dc00000| PB 0x000000070dc00000| Untracked 
|  84|0x000000070de00000, 0x000000070de00000, 0x000000070e000000|  0%| F|  |TAMS 0x000000070de00000| PB 0x000000070de00000| Untracked 
|  85|0x000000070e000000, 0x000000070e000000, 0x000000070e200000|  0%| F|  |TAMS 0x000000070e000000| PB 0x000000070e000000| Untracked 
|  86|0x000000070e200000, 0x000000070e200000, 0x000000070e400000|  0%| F|  |TAMS 0x000000070e200000| PB 0x000000070e200000| Untracked 
|  87|0x000000070e400000, 0x000000070e400000, 0x000000070e600000|  0%| F|  |TAMS 0x000000070e400000| PB 0x000000070e400000| Untracked 
|  88|0x000000070e600000, 0x000000070e600000, 0x000000070e800000|  0%| F|  |TAMS 0x000000070e600000| PB 0x000000070e600000| Untracked 
|  89|0x000000070e800000, 0x000000070e800000, 0x000000070ea00000|  0%| F|  |TAMS 0x000000070e800000| PB 0x000000070e800000| Untracked 
|  90|0x000000070ea00000, 0x000000070ea00000, 0x000000070ec00000|  0%| F|  |TAMS 0x000000070ea00000| PB 0x000000070ea00000| Untracked 
|  91|0x000000070ec00000, 0x000000070ec00000, 0x000000070ee00000|  0%| F|  |TAMS 0x000000070ec00000| PB 0x000000070ec00000| Untracked 
|  92|0x000000070ee00000, 0x000000070ee00000, 0x000000070f000000|  0%| F|  |TAMS 0x000000070ee00000| PB 0x000000070ee00000| Untracked 
|  93|0x000000070f000000, 0x000000070f000000, 0x000000070f200000|  0%| F|  |TAMS 0x000000070f000000| PB 0x000000070f000000| Untracked 
|  94|0x000000070f200000, 0x000000070f200000, 0x000000070f400000|  0%| F|  |TAMS 0x000000070f200000| PB 0x000000070f200000| Untracked 
|  95|0x000000070f400000, 0x000000070f400000, 0x000000070f600000|  0%| F|  |TAMS 0x000000070f400000| PB 0x000000070f400000| Untracked 
|  96|0x000000070f600000, 0x000000070f600000, 0x000000070f800000|  0%| F|  |TAMS 0x000000070f600000| PB 0x000000070f600000| Untracked 
|  97|0x000000070f800000, 0x000000070f800000, 0x000000070fa00000|  0%| F|  |TAMS 0x000000070f800000| PB 0x000000070f800000| Untracked 
|  98|0x000000070fa00000, 0x000000070fa00000, 0x000000070fc00000|  0%| F|  |TAMS 0x000000070fa00000| PB 0x000000070fa00000| Untracked 
|  99|0x000000070fc00000, 0x000000070fc00000, 0x000000070fe00000|  0%| F|  |TAMS 0x000000070fc00000| PB 0x000000070fc00000| Untracked 
| 100|0x000000070fe00000, 0x000000070fe00000, 0x0000000710000000|  0%| F|  |TAMS 0x000000070fe00000| PB 0x000000070fe00000| Untracked 
| 101|0x0000000710000000, 0x0000000710000000, 0x0000000710200000|  0%| F|  |TAMS 0x0000000710000000| PB 0x0000000710000000| Untracked 
| 102|0x0000000710200000, 0x0000000710200000, 0x0000000710400000|  0%| F|  |TAMS 0x0000000710200000| PB 0x0000000710200000| Untracked 
| 103|0x0000000710400000, 0x0000000710400000, 0x0000000710600000|  0%| F|  |TAMS 0x0000000710400000| PB 0x0000000710400000| Untracked 
| 104|0x0000000710600000, 0x0000000710600000, 0x0000000710800000|  0%| F|  |TAMS 0x0000000710600000| PB 0x0000000710600000| Untracked 
| 105|0x0000000710800000, 0x0000000710800000, 0x0000000710a00000|  0%| F|  |TAMS 0x0000000710800000| PB 0x0000000710800000| Untracked 
| 106|0x0000000710a00000, 0x0000000710a00000, 0x0000000710c00000|  0%| F|  |TAMS 0x0000000710a00000| PB 0x0000000710a00000| Untracked 
| 107|0x0000000710c00000, 0x0000000710c00000, 0x0000000710e00000|  0%| F|  |TAMS 0x0000000710c00000| PB 0x0000000710c00000| Untracked 
| 108|0x0000000710e00000, 0x0000000710e00000, 0x0000000711000000|  0%| F|  |TAMS 0x0000000710e00000| PB 0x0000000710e00000| Untracked 
| 109|0x0000000711000000, 0x0000000711000000, 0x0000000711200000|  0%| F|  |TAMS 0x0000000711000000| PB 0x0000000711000000| Untracked 
| 110|0x0000000711200000, 0x0000000711200000, 0x0000000711400000|  0%| F|  |TAMS 0x0000000711200000| PB 0x0000000711200000| Untracked 
| 111|0x0000000711400000, 0x0000000711400000, 0x0000000711600000|  0%| F|  |TAMS 0x0000000711400000| PB 0x0000000711400000| Untracked 
| 112|0x0000000711600000, 0x0000000711600000, 0x0000000711800000|  0%| F|  |TAMS 0x0000000711600000| PB 0x0000000711600000| Untracked 
| 113|0x0000000711800000, 0x0000000711800000, 0x0000000711a00000|  0%| F|  |TAMS 0x0000000711800000| PB 0x0000000711800000| Untracked 
| 114|0x0000000711a00000, 0x0000000711a00000, 0x0000000711c00000|  0%| F|  |TAMS 0x0000000711a00000| PB 0x0000000711a00000| Untracked 
| 115|0x0000000711c00000, 0x0000000711c00000, 0x0000000711e00000|  0%| F|  |TAMS 0x0000000711c00000| PB 0x0000000711c00000| Untracked 
| 116|0x0000000711e00000, 0x0000000711e00000, 0x0000000712000000|  0%| F|  |TAMS 0x0000000711e00000| PB 0x0000000711e00000| Untracked 
| 117|0x0000000712000000, 0x0000000712000000, 0x0000000712200000|  0%| F|  |TAMS 0x0000000712000000| PB 0x0000000712000000| Untracked 
| 118|0x0000000712200000, 0x0000000712200000, 0x0000000712400000|  0%| F|  |TAMS 0x0000000712200000| PB 0x0000000712200000| Untracked 
| 119|0x0000000712400000, 0x0000000712400000, 0x0000000712600000|  0%| F|  |TAMS 0x0000000712400000| PB 0x0000000712400000| Untracked 
| 120|0x0000000712600000, 0x0000000712600000, 0x0000000712800000|  0%| F|  |TAMS 0x0000000712600000| PB 0x0000000712600000| Untracked 
| 121|0x0000000712800000, 0x0000000712800000, 0x0000000712a00000|  0%| F|  |TAMS 0x0000000712800000| PB 0x0000000712800000| Untracked 
| 122|0x0000000712a00000, 0x0000000712a00000, 0x0000000712c00000|  0%| F|  |TAMS 0x0000000712a00000| PB 0x0000000712a00000| Untracked 
| 123|0x0000000712c00000, 0x0000000712d79fd8, 0x0000000712e00000| 73%| E|  |TAMS 0x0000000712c00000| PB 0x0000000712c00000| Complete 
| 124|0x0000000712e00000, 0x0000000713000000, 0x0000000713000000|100%| E|CS|TAMS 0x0000000712e00000| PB 0x0000000712e00000| Complete 
| 125|0x0000000713000000, 0x0000000713200000, 0x0000000713200000|100%| E|CS|TAMS 0x0000000713000000| PB 0x0000000713000000| Complete 
| 126|0x0000000713200000, 0x0000000713400000, 0x0000000713400000|100%| E|CS|TAMS 0x0000000713200000| PB 0x0000000713200000| Complete 

Card table byte_map: [0x000001df5d700000,0x000001df5def0000] _byte_map_base: 0x000001df59ee5000

Marking Bits: (CMBitMap*) 0x000001df45381d50
 Bits: [0x000001df5def0000, 0x000001df61e18000)

Polling page: 0x000001df43230000

Metaspace:

Usage:
  Non-class:      2.78 MB used.
      Class:    216.90 KB used.
       Both:      2.99 MB used.

Virtual space:
  Non-class space:       64.00 MB reserved,       2.88 MB (  4%) committed,  1 nodes.
      Class space:        1.00 GB reserved,     256.00 KB ( <1%) committed,  1 nodes.
             Both:        1.06 GB reserved,       3.12 MB ( <1%) committed. 

Chunk freelists:
   Non-Class:  10.66 MB
       Class:  15.63 MB
        Both:  26.29 MB

MaxMetaspaceSize: unlimited
CompressedClassSpaceSize: 1.00 GB
Initial GC threshold: 21.00 MB
Current GC threshold: 21.00 MB
CDS: on
 - commit_granule_bytes: 65536.
 - commit_granule_words: 8192.
 - virtual_space_node_default_size: 8388608.
 - enlarge_chunks_in_place: 1.
 - use_allocation_guard: 0.


Internal statistics:

num_allocs_failed_limit: 0.
num_arena_births: 92.
num_arena_deaths: 0.
num_vsnodes_births: 2.
num_vsnodes_deaths: 0.
num_space_committed: 50.
num_space_uncommitted: 0.
num_chunks_returned_to_freelist: 0.
num_chunks_taken_from_freelist: 171.
num_chunk_merges: 0.
num_chunk_splits: 111.
num_chunks_enlarged: 72.
num_inconsistent_stats: 0.

CodeHeap 'non-profiled nmethods': size=120000Kb used=201Kb max_used=201Kb free=119798Kb
 bounds [0x000001df55490000, 0x000001df55700000, 0x000001df5c9c0000]
CodeHeap 'profiled nmethods': size=120000Kb used=1000Kb max_used=1000Kb free=118999Kb
 bounds [0x000001df4d9c0000, 0x000001df4dc30000, 0x000001df54ef0000]
CodeHeap 'non-nmethods': size=5760Kb used=2373Kb max_used=2388Kb free=3387Kb
 bounds [0x000001df54ef0000, 0x000001df55160000, 0x000001df55490000]
 total_blobs=1688 nmethods=647 adapters=946
 compilation: enabled
              stopped_count=0, restarted_count=0
 full_count=0

Compilation events (20 events):
Event: 0.291 Thread 0x000001df64aebf90 nmethod 636 0x000001df4dab2f90 code [0x000001df4dab31c0, 0x000001df4dab3a08]
Event: 0.291 Thread 0x000001df64aebf90  637   !   3       sun.nio.ch.FileChannelImpl::read (288 bytes)
Event: 0.291 Thread 0x000001df69178650  643       4       java.lang.StringBuilder::append (8 bytes)
Event: 0.291 Thread 0x000001df64aebf90 nmethod 637 0x000001df4dab3d10 code [0x000001df4dab4060, 0x000001df4dab51b0]
Event: 0.291 Thread 0x000001df64aebf90  640       3       jdk.internal.module.SystemModuleFinders$SystemModuleReader::find (59 bytes)
Event: 0.292 Thread 0x000001df64aebf90 nmethod 640 0x000001df4dab5b10 code [0x000001df4dab5dc0, 0x000001df4dab6978]
Event: 0.292 Thread 0x000001df64aebf90  641       3       jdk.internal.module.SystemModuleFinders$SystemModuleReader::containsImageLocation (42 bytes)
Event: 0.292 Thread 0x000001df64ae3ed0  647       4       java.lang.Integer::toUnsignedLong (7 bytes)
Event: 0.292 Thread 0x000001df64aebf90 nmethod 641 0x000001df4dab6e10 code [0x000001df4dab7040, 0x000001df4dab7708]
Event: 0.292 Thread 0x000001df64aebf90  642       3       jdk.internal.module.SystemModuleFinders$SystemImage::reader (4 bytes)
Event: 0.292 Thread 0x000001df64aebf90 nmethod 642 0x000001df4dab7990 code [0x000001df4dab7b20, 0x000001df4dab7c18]
Event: 0.292 Thread 0x000001df64ae3ed0 nmethod 647 0x000001df554c1710 code [0x000001df554c1880, 0x000001df554c18e8]
Event: 0.292 Thread 0x000001df64aebf90  646       3       org.lwjgl.system.MemoryUtil::memPutAddress (29 bytes)
Event: 0.292 Thread 0x000001df64aebf90 nmethod 646 0x000001df4dab7c90 code [0x000001df4dab7e40, 0x000001df4dab8038]
Event: 0.292 Thread 0x000001df64aebf90  638       3       sun.nio.ch.FileChannelImpl::beginBlocking (12 bytes)
Event: 0.292 Thread 0x000001df64aebf90 nmethod 638 0x000001df4dab8110 code [0x000001df4dab82c0, 0x000001df4dab8430]
Event: 0.292 Thread 0x000001df64aebf90  639   !   3       java.nio.ByteBuffer::putBuffer (142 bytes)
Event: 0.293 Thread 0x000001df64aebf90 nmethod 639 0x000001df4dab8510 code [0x000001df4dab87e0, 0x000001df4dab9578]
Event: 0.293 Thread 0x000001df64aebf90  645       3       sun.misc.Unsafe::putLong (11 bytes)
Event: 0.293 Thread 0x000001df64aebf90 nmethod 645 0x000001df4dab9d10 code [0x000001df4dab9ea0, 0x000001df4dab9fb0]

GC Heap History (0 events):
No events

Dll operation events (8 events):
Event: 0.005 Loaded shared library C:\Program Files\Eclipse Adoptium\jdk-21.0.4.7-hotspot\bin\java.dll
Event: 0.027 Loaded shared library C:\Program Files\Eclipse Adoptium\jdk-21.0.4.7-hotspot\bin\jsvml.dll
Event: 0.061 Loaded shared library C:\Program Files\Eclipse Adoptium\jdk-21.0.4.7-hotspot\bin\net.dll
Event: 0.062 Loaded shared library C:\Program Files\Eclipse Adoptium\jdk-21.0.4.7-hotspot\bin\nio.dll
Event: 0.065 Loaded shared library C:\Program Files\Eclipse Adoptium\jdk-21.0.4.7-hotspot\bin\zip.dll
Event: 0.103 Loaded shared library C:\Program Files\Eclipse Adoptium\jdk-21.0.4.7-hotspot\bin\jimage.dll
Event: 0.118 Loaded shared library C:\Users\Jishan Ahamed\AppData\Local\Temp\lwjgl_Jishan Ahamed\3.3.4+7\x64\lwjgl.dll
Event: 0.289 Loaded shared library C:\Users\Jishan Ahamed\AppData\Local\Temp\lwjgl_Jishan Ahamed\3.3.4+7\x64\lwjgl_opengl.dll

Deoptimization events (20 events):
Event: 0.180 Thread 0x000001df43015770 DEOPT PACKING pc=0x000001df4da5cdbb sp=0x0000008ad16fdf40
Event: 0.180 Thread 0x000001df43015770 DEOPT UNPACKING pc=0x000001df54f488e2 sp=0x0000008ad16fd3d8 mode 0
Event: 0.181 Thread 0x000001df43015770 DEOPT PACKING pc=0x000001df4da5cdbb sp=0x0000008ad16fdf40
Event: 0.181 Thread 0x000001df43015770 DEOPT UNPACKING pc=0x000001df54f488e2 sp=0x0000008ad16fd3d8 mode 0
Event: 0.181 Thread 0x000001df43015770 DEOPT PACKING pc=0x000001df4da5cdbb sp=0x0000008ad16fdf40
Event: 0.181 Thread 0x000001df43015770 DEOPT UNPACKING pc=0x000001df54f488e2 sp=0x0000008ad16fd3d8 mode 0
Event: 0.181 Thread 0x000001df43015770 DEOPT PACKING pc=0x000001df4da5cdbb sp=0x0000008ad16fdf40
Event: 0.181 Thread 0x000001df43015770 DEOPT UNPACKING pc=0x000001df54f488e2 sp=0x0000008ad16fd3d8 mode 0
Event: 0.181 Thread 0x000001df43015770 DEOPT PACKING pc=0x000001df4da5cdbb sp=0x0000008ad16fdf40
Event: 0.181 Thread 0x000001df43015770 DEOPT UNPACKING pc=0x000001df54f488e2 sp=0x0000008ad16fd3d8 mode 0
Event: 0.181 Thread 0x000001df43015770 DEOPT PACKING pc=0x000001df4da5cdbb sp=0x0000008ad16fdf40
Event: 0.181 Thread 0x000001df43015770 DEOPT UNPACKING pc=0x000001df54f488e2 sp=0x0000008ad16fd3d8 mode 0
Event: 0.181 Thread 0x000001df43015770 DEOPT PACKING pc=0x000001df4da5cdbb sp=0x0000008ad16fdf40
Event: 0.181 Thread 0x000001df43015770 DEOPT UNPACKING pc=0x000001df54f488e2 sp=0x0000008ad16fd3d8 mode 0
Event: 0.181 Thread 0x000001df43015770 DEOPT PACKING pc=0x000001df4da5cdbb sp=0x0000008ad16fdf40
Event: 0.181 Thread 0x000001df43015770 DEOPT UNPACKING pc=0x000001df54f488e2 sp=0x0000008ad16fd3d8 mode 0
Event: 0.182 Thread 0x000001df43015770 DEOPT PACKING pc=0x000001df4da5cdbb sp=0x0000008ad16fdf40
Event: 0.182 Thread 0x000001df43015770 DEOPT UNPACKING pc=0x000001df54f488e2 sp=0x0000008ad16fd3d8 mode 0
Event: 0.182 Thread 0x000001df43015770 DEOPT PACKING pc=0x000001df4da5cdbb sp=0x0000008ad16fdf40
Event: 0.182 Thread 0x000001df43015770 DEOPT UNPACKING pc=0x000001df54f488e2 sp=0x0000008ad16fd3d8 mode 0

Classes loaded (20 events):
Event: 0.156 Loading class java/nio/DirectDoubleBufferU
Event: 0.156 Loading class java/nio/DirectDoubleBufferU done
Event: 0.156 Loading class sun/misc/Unsafe
Event: 0.156 Loading class sun/misc/Unsafe done
Event: 0.156 Loading class java/lang/invoke/DirectMethodHandle$StaticAccessor
Event: 0.156 Loading class java/lang/invoke/DirectMethodHandle$StaticAccessor done
Event: 0.158 Loading class java/util/function/LongPredicate
Event: 0.158 Loading class java/util/function/LongPredicate done
Event: 0.159 Loading class java/lang/foreign/MemorySegment
Event: 0.159 Loading class java/lang/foreign/MemorySegment done
Event: 0.162 Loading class java/nio/InvalidMarkException
Event: 0.162 Loading class java/nio/InvalidMarkException done
Event: 0.162 Loading class java/nio/BufferUnderflowException
Event: 0.162 Loading class java/nio/BufferUnderflowException done
Event: 0.167 Loading class java/util/Formatter$FixedString
Event: 0.167 Loading class java/util/Formatter$FixedString done
Event: 0.176 Loading class java/lang/NoSuchFieldError
Event: 0.176 Loading class java/lang/NoSuchFieldError done
Event: 0.183 Loading class jdk/internal/reflect/MethodHandleIntegerFieldAccessorImpl
Event: 0.183 Loading class jdk/internal/reflect/MethodHandleIntegerFieldAccessorImpl done

Classes unloaded (0 events):
No events

Classes redefined (0 events):
No events

Internal exceptions (20 events):
Event: 0.121 Thread 0x000001df43015770 Exception <a 'sun/nio/fs/WindowsException'{0x0000000712e68188}> (0x0000000712e68188) 
thrown [s\src\hotspot\share\prims\jni.cpp, line 520]
Event: 0.121 Thread 0x000001df43015770 Exception <a 'sun/nio/fs/WindowsException'{0x0000000712e686f8}> (0x0000000712e686f8) 
thrown [s\src\hotspot\share\prims\jni.cpp, line 520]
Event: 0.159 Thread 0x000001df43015770 Exception <a 'java/lang/NoSuchMethodError'{0x0000000712f3d360}: 'int java.lang.invoke.DirectMethodHandle$Holder.invokeStaticInit(java.lang.Object, java.lang.Object, int, long)'> (0x0000000712f3d360) 
thrown [s\src\hotspot\share\interpreter\linkResolver.cpp, line 773]
Event: 0.159 Thread 0x000001df43015770 Exception <a 'java/lang/NoSuchMethodError'{0x0000000712f42468}: 'java.lang.Object java.lang.invoke.DirectMethodHandle$Holder.newInvokeSpecial(java.lang.Object, java.lang.Object, int)'> (0x0000000712f42468) 
thrown [s\src\hotspot\share\interpreter\linkResolver.cpp, line 773]
Event: 0.160 Thread 0x000001df43015770 Exception <a 'java/lang/NoSuchMethodError'{0x0000000712f51988}: 'int java.lang.invoke.DirectMethodHandle$Holder.invokeStaticInit(java.lang.Object, java.lang.Object, long, long)'> (0x0000000712f51988) 
thrown [s\src\hotspot\share\interpreter\linkResolver.cpp, line 773]
Event: 0.161 Thread 0x000001df43015770 Exception <a 'java/lang/NoSuchMethodError'{0x0000000712f57210}: 'java.lang.Object java.lang.invoke.DirectMethodHandle$Holder.newInvokeSpecial(java.lang.Object, java.lang.Object, long)'> (0x0000000712f57210) 
thrown [s\src\hotspot\share\interpreter\linkResolver.cpp, line 773]
Event: 0.161 Thread 0x000001df43015770 Exception <a 'java/lang/NoSuchMethodError'{0x0000000712f5a8a8}: 'java.lang.Object java.lang.invoke.Invokers$Holder.linkToTargetMethod(java.lang.Object, long, java.lang.Object)'> (0x0000000712f5a8a8) 
thrown [s\src\hotspot\share\interpreter\linkResolver.cpp, line 773]
Event: 0.161 Thread 0x000001df43015770 Exception <a 'java/lang/NoSuchMethodError'{0x0000000712f619a0}: 'int java.lang.invoke.DirectMethodHandle$Holder.invokeStaticInit(java.lang.Object, java.lang.Object, java.lang.Object, long)'> (0x0000000712f619a0) 
thrown [s\src\hotspot\share\interpreter\linkResolver.cpp, line 773]
Event: 0.176 Thread 0x000001df43015770 Exception <a 'sun/nio/fs/WindowsException'{0x0000000712c11040}> (0x0000000712c11040) 
thrown [s\src\hotspot\share\prims\jni.cpp, line 520]
Event: 0.176 Thread 0x000001df43015770 Exception <a 'sun/nio/fs/WindowsException'{0x0000000712c113e8}> (0x0000000712c113e8) 
thrown [s\src\hotspot\share\prims\jni.cpp, line 520]
Event: 0.183 Thread 0x000001df43015770 Exception <a 'java/lang/NoSuchMethodError'{0x0000000712c2ca58}: 'int java.lang.invoke.Invokers$Holder.invokeExact_MT(java.lang.Object, java.lang.Object)'> (0x0000000712c2ca58) 
thrown [s\src\hotspot\share\interpreter\linkResolver.cpp, line 773]
Event: 0.255 Thread 0x000001df43015770 Exception <a 'java/lang/NoSuchMethodError'{0x0000000712c86b00}: 'void java.lang.invoke.DirectMethodHandle$Holder.invokeStaticInit(java.lang.Object, long, double, double)'> (0x0000000712c86b00) 
thrown [s\src\hotspot\share\interpreter\linkResolver.cpp, line 773]
Event: 0.256 Thread 0x000001df43015770 Exception <a 'java/lang/NoSuchMethodError'{0x0000000712c94f08}: 'void java.lang.invoke.DirectMethodHandle$Holder.invokeStaticInit(java.lang.Object, long, int, int, int)'> (0x0000000712c94f08) 
thrown [s\src\hotspot\share\interpreter\linkResolver.cpp, line 773]
Event: 0.258 Thread 0x000001df43015770 Exception <a 'java/lang/NoSuchMethodError'{0x0000000712cab998}: 'void java.lang.invoke.DirectMethodHandle$Holder.invokeStaticInit(java.lang.Object, long, int, int, int, int)'> (0x0000000712cab998) 
thrown [s\src\hotspot\share\interpreter\linkResolver.cpp, line 773]
Event: 0.283 Thread 0x000001df43015770 Exception <a 'java/lang/NoSuchMethodError'{0x0000000712d0bc08}: 'void java.lang.System.load(java.lang.String, java.lang.Class)'> (0x0000000712d0bc08) 
thrown [s\src\hotspot\share\interpreter\linkResolver.cpp, line 773]
Event: 0.284 Thread 0x000001df43015770 Exception <a 'java/lang/NoSuchMethodError'{0x0000000712d0e658}: 'void java.lang.System.loadLibrary(java.lang.String, java.lang.Class)'> (0x0000000712d0e658) 
thrown [s\src\hotspot\share\interpreter\linkResolver.cpp, line 773]
Event: 0.287 Thread 0x000001df43015770 Exception <a 'sun/nio/fs/WindowsException'{0x0000000712d1e8e8}> (0x0000000712d1e8e8) 
thrown [s\src\hotspot\share\prims\jni.cpp, line 520]
Event: 0.287 Thread 0x000001df43015770 Exception <a 'sun/nio/fs/WindowsException'{0x0000000712d1ecc8}> (0x0000000712d1ecc8) 
thrown [s\src\hotspot\share\prims\jni.cpp, line 520]
Event: 0.291 Thread 0x000001df43015770 Exception <a 'sun/nio/fs/WindowsException'{0x0000000712d28960}> (0x0000000712d28960) 
thrown [s\src\hotspot\share\prims\jni.cpp, line 520]
Event: 0.291 Thread 0x000001df43015770 Exception <a 'sun/nio/fs/WindowsException'{0x0000000712d28c80}> (0x0000000712d28c80) 
thrown [s\src\hotspot\share\prims\jni.cpp, line 520]

ZGC Phase Switch (0 events):
No events

VM Operations (4 events):
Event: 0.065 Executing VM operation: HandshakeAllThreads (Deoptimize)
Event: 0.065 Executing VM operation: HandshakeAllThreads (Deoptimize) done
Event: 0.113 Executing VM operation: HandshakeAllThreads (Deoptimize)
Event: 0.113 Executing VM operation: HandshakeAllThreads (Deoptimize) done

Memory protections (0 events):
No events

Nmethod flushes (0 events):
No events

Events (12 events):
Event: 0.015 Thread 0x000001df43015770 Thread added: 0x000001df43015770
Event: 0.025 Thread 0x000001df43015770 Thread added: 0x000001df64ad0c10
Event: 0.025 Thread 0x000001df43015770 Thread added: 0x000001df64ad5880
Event: 0.025 Thread 0x000001df43015770 Thread added: 0x000001df64ada5e0
Event: 0.025 Thread 0x000001df43015770 Thread added: 0x000001df64add140
Event: 0.025 Thread 0x000001df43015770 Thread added: 0x000001df64ade060
Event: 0.025 Thread 0x000001df43015770 Thread added: 0x000001df64adf2f0
Event: 0.025 Thread 0x000001df43015770 Thread added: 0x000001df64ae3ed0
Event: 0.025 Thread 0x000001df43015770 Thread added: 0x000001df64aebf90
Event: 0.045 Thread 0x000001df43015770 Thread added: 0x000001df64c86300
Event: 0.050 Thread 0x000001df43015770 Thread added: 0x000001df64c89190
Event: 0.155 Thread 0x000001df64aebf90 Thread added: 0x000001df69178650


Dynamic libraries:
0x00007ff76d6d0000 - 0x00007ff76d6de000 	C:\Program Files\Eclipse Adoptium\jdk-21.0.4.7-hotspot\bin\java.exe
0x00007ffeaf670000 - 0x00007ffeaf887000 	C:\WINDOWS\SYSTEM32\ntdll.dll
0x00007ffeae340000 - 0x00007ffeae404000 	C:\WINDOWS\System32\KERNEL32.DLL
0x00007ffeacc20000 - 0x00007ffeacfcd000 	C:\WINDOWS\System32\KERNELBASE.dll
0x0000000064630000 - 0x000000006495e000 	C:\Program Files\Norton Security\NortonData\22.23.5.106\Definitions\IPSDefs\20241004.001\IPSEng64.dll
0x00007ffeada10000 - 0x00007ffeadac2000 	C:\WINDOWS\System32\ADVAPI32.dll
0x00007ffeaf0f0000 - 0x00007ffeaf197000 	C:\WINDOWS\System32\msvcrt.dll
0x00007ffeaf280000 - 0x00007ffeaf329000 	C:\WINDOWS\System32\sechost.dll
0x00007ffeaca00000 - 0x00007ffeaca28000 	C:\WINDOWS\System32\bcrypt.dll
0x00007ffeaf330000 - 0x00007ffeaf444000 	C:\WINDOWS\System32\RPCRT4.dll
0x00007ffead4a0000 - 0x00007ffead4a8000 	C:\WINDOWS\System32\PSAPI.DLL
0x00007ffeaca60000 - 0x00007ffeacb71000 	C:\WINDOWS\System32\ucrtbase.dll
0x00007ffe621d0000 - 0x00007ffe621e8000 	C:\Program Files\Eclipse Adoptium\jdk-21.0.4.7-hotspot\bin\jli.dll
0x00007ffe85680000 - 0x00007ffe8569b000 	C:\Program Files\Eclipse Adoptium\jdk-21.0.4.7-hotspot\bin\VCRUNTIME140.dll
0x00007ffead860000 - 0x00007ffeada0e000 	C:\WINDOWS\System32\USER32.dll
0x00007ffeaca30000 - 0x00007ffeaca56000 	C:\WINDOWS\System32\win32u.dll
0x00007ffead4b0000 - 0x00007ffead4d9000 	C:\WINDOWS\System32\GDI32.dll
0x00007ffe94cd0000 - 0x00007ffe94f63000 	C:\WINDOWS\WinSxS\amd64_microsoft.windows.common-controls_6595b64144ccf1df_6.0.22621.3672_none_2713b9d173822955\COMCTL32.dll
0x00007ffead110000 - 0x00007ffead229000 	C:\WINDOWS\System32\gdi32full.dll
0x00007ffeacb80000 - 0x00007ffeacc1a000 	C:\WINDOWS\System32\msvcp_win.dll
0x00007ffeae7a0000 - 0x00007ffeae7d1000 	C:\WINDOWS\System32\IMM32.DLL
0x00007ffe9edb0000 - 0x00007ffe9edbc000 	C:\Program Files\Eclipse Adoptium\jdk-21.0.4.7-hotspot\bin\vcruntime140_1.dll
0x00007ffe51f00000 - 0x00007ffe51f8e000 	C:\Program Files\Eclipse Adoptium\jdk-21.0.4.7-hotspot\bin\msvcp140.dll
0x00007ffe3f870000 - 0x00007ffe405f8000 	C:\Program Files\Eclipse Adoptium\jdk-21.0.4.7-hotspot\bin\server\jvm.dll
0x00007ffeaea00000 - 0x00007ffeaea71000 	C:\WINDOWS\System32\WS2_32.dll
0x00007ffeab800000 - 0x00007ffeab84d000 	C:\WINDOWS\SYSTEM32\POWRPROF.dll
0x00007ffea6530000 - 0x00007ffea653a000 	C:\WINDOWS\SYSTEM32\VERSION.dll
0x00007ffea6580000 - 0x00007ffea65b4000 	C:\WINDOWS\SYSTEM32\WINMM.dll
0x00007ffeab7e0000 - 0x00007ffeab7f3000 	C:\WINDOWS\SYSTEM32\UMPDC.dll
0x00007ffeaba90000 - 0x00007ffeabaa8000 	C:\WINDOWS\SYSTEM32\kernel.appcore.dll
0x00007ffe9c700000 - 0x00007ffe9c70a000 	C:\Program Files\Eclipse Adoptium\jdk-21.0.4.7-hotspot\bin\jimage.dll
0x00007ffeaa160000 - 0x00007ffeaa392000 	C:\WINDOWS\SYSTEM32\DBGHELP.DLL
0x00007ffeae410000 - 0x00007ffeae79e000 	C:\WINDOWS\System32\combase.dll
0x00007ffeaf010000 - 0x00007ffeaf0e7000 	C:\WINDOWS\System32\OLEAUT32.dll
0x00007ffe93310000 - 0x00007ffe93342000 	C:\WINDOWS\SYSTEM32\dbgcore.DLL
0x00007ffeacfd0000 - 0x00007ffead04b000 	C:\WINDOWS\System32\bcryptPrimitives.dll
0x00007ffe621b0000 - 0x00007ffe621cf000 	C:\Program Files\Eclipse Adoptium\jdk-21.0.4.7-hotspot\bin\java.dll
0x00007ffeadad0000 - 0x00007ffeae337000 	C:\WINDOWS\System32\SHELL32.dll
0x00007ffeaa8c0000 - 0x00007ffeab1bf000 	C:\WINDOWS\SYSTEM32\windows.storage.dll
0x00007ffeaa780000 - 0x00007ffeaa8bf000 	C:\WINDOWS\SYSTEM32\wintypes.dll
0x00007ffeae900000 - 0x00007ffeae9f9000 	C:\WINDOWS\System32\SHCORE.dll
0x00007ffeaf1a0000 - 0x00007ffeaf1fe000 	C:\WINDOWS\System32\shlwapi.dll
0x00007ffeac8c0000 - 0x00007ffeac8e7000 	C:\WINDOWS\SYSTEM32\profapi.dll
0x00007ffe51e20000 - 0x00007ffe51ef7000 	C:\Program Files\Eclipse Adoptium\jdk-21.0.4.7-hotspot\bin\jsvml.dll
0x00007ffe94ae0000 - 0x00007ffe94af0000 	C:\Program Files\Eclipse Adoptium\jdk-21.0.4.7-hotspot\bin\net.dll
0x00007ffea6300000 - 0x00007ffea6436000 	C:\WINDOWS\SYSTEM32\WINHTTP.dll
0x00007ffeabf00000 - 0x00007ffeabf69000 	C:\WINDOWS\system32\mswsock.dll
0x00007ffe62170000 - 0x00007ffe62186000 	C:\Program Files\Eclipse Adoptium\jdk-21.0.4.7-hotspot\bin\nio.dll
0x00007ffe62190000 - 0x00007ffe621a8000 	C:\Program Files\Eclipse Adoptium\jdk-21.0.4.7-hotspot\bin\zip.dll
0x00007ffe520c0000 - 0x00007ffe5213b000 	C:\Users\Jishan Ahamed\AppData\Local\Temp\lwjgl_Jishan Ahamed\3.3.4+7\x64\lwjgl.dll
0x00007ffe52030000 - 0x00007ffe520b5000 	C:\Users\JISHAN~1\AppData\Local\Temp\lwjgl_Jishan Ahamed\3.3.4+7\x64\glfw.dll
0x00007ffe46550000 - 0x00007ffe46596000 	C:\WINDOWS\SYSTEM32\dinput8.dll
0x00007ffe5b7c0000 - 0x00007ffe5b7d1000 	C:\WINDOWS\SYSTEM32\xinput1_4.dll
0x00007ffeac650000 - 0x00007ffeac67c000 	C:\WINDOWS\SYSTEM32\DEVOBJ.dll
0x00007ffeac6a0000 - 0x00007ffeac6ee000 	C:\WINDOWS\SYSTEM32\cfgmgr32.dll
0x00007ffea9d50000 - 0x00007ffea9d7b000 	C:\WINDOWS\SYSTEM32\dwmapi.dll
0x00007ffea99a0000 - 0x00007ffea9a51000 	C:\WINDOWS\system32\uxtheme.dll
0x00007ffe84de0000 - 0x00007ffe84ff3000 	C:\WINDOWS\SYSTEM32\inputhost.dll
0x00007ffea84d0000 - 0x00007ffea8603000 	C:\WINDOWS\SYSTEM32\CoreMessaging.dll
0x00007ffeaf4b0000 - 0x00007ffeaf60e000 	C:\WINDOWS\System32\MSCTF.dll
0x00007ffeac140000 - 0x00007ffeac14c000 	C:\WINDOWS\SYSTEM32\CRYPTBASE.DLL
0x00007ffe91200000 - 0x00007ffe91300000 	C:\WINDOWS\SYSTEM32\opengl32.dll
0x00007ffe919b0000 - 0x00007ffe919dd000 	C:\WINDOWS\SYSTEM32\GLU32.dll
0x00007ffea9bf0000 - 0x00007ffea9c27000 	C:\WINDOWS\SYSTEM32\dxcore.dll
0x00007ffea5ac0000 - 0x00007ffea5b09000 	C:\WINDOWS\SYSTEM32\directxdatabasehelper.dll
0x00007ffeae850000 - 0x00007ffeae900000 	C:\WINDOWS\System32\clbcatq.dll
0x00007ffe3e890000 - 0x00007ffe3f863000 	C:\WINDOWS\System32\DriverStore\FileRepository\iigd_dch.inf_amd64_e31d62740aef2af9\igxelpicd64.dll
0x00007ffead4e0000 - 0x00007ffead685000 	C:\WINDOWS\System32\ole32.dll
0x00007ffea9c30000 - 0x00007ffea9d27000 	C:\WINDOWS\system32\dxgi.dll
0x00007ffe4e240000 - 0x00007ffe4e6c7000 	C:\WINDOWS\System32\DriverStore\FileRepository\iigd_dch.inf_amd64_e31d62740aef2af9\igdml64.dll
0x00007ffe9f910000 - 0x00007ffe9fcd1000 	C:\WINDOWS\System32\DriverStore\FileRepository\iigd_dch.inf_amd64_e31d62740aef2af9\igdgmm64.dll
0x00007ffe97ee0000 - 0x00007ffe9b0e6000 	C:\WINDOWS\System32\DriverStore\FileRepository\iigd_dch.inf_amd64_e31d62740aef2af9\igc64.dll
0x00007ffe9c5a0000 - 0x00007ffe9c6e3000 	C:\WINDOWS\SYSTEM32\textinputframework.dll
0x00007ffea5180000 - 0x00007ffea54ed000 	C:\WINDOWS\SYSTEM32\CoreUIComponents.dll
0x00007ffe51fc0000 - 0x00007ffe52021000 	C:\Users\Jishan Ahamed\AppData\Local\Temp\lwjgl_Jishan Ahamed\3.3.4+7\x64\lwjgl_opengl.dll

dbghelp: loaded successfully - version: 4.0.5 - missing functions: none
symbol engine: initialized successfully - sym options: 0x614 - pdb path: .;C:\Program Files\Eclipse Adoptium\jdk-21.0.4.7-hotspot\bin;C:\WINDOWS\SYSTEM32;C:\Program Files\Norton Security\NortonData\22.23.5.106\Definitions\IPSDefs\20241004.001;C:\WINDOWS\WinSxS\amd64_microsoft.windows.common-controls_6595b64144ccf1df_6.0.22621.3672_none_2713b9d173822955;C:\Program Files\Eclipse Adoptium\jdk-21.0.4.7-hotspot\bin\server;C:\Users\Jishan Ahamed\AppData\Local\Temp\lwjgl_Jishan Ahamed\3.3.4+7\x64;C:\Users\JISHAN~1\AppData\Local\Temp\lwjgl_Jishan Ahamed\3.3.4+7\x64;C:\WINDOWS\System32\DriverStore\FileRepository\iigd_dch.inf_amd64_e31d62740aef2af9

VM Arguments:
jvm_args: -Dfile.encoding=UTF-8 -Duser.country=IN -Duser.language=en -Duser.variant -ea 
java_command: Main
java_class_path (initial): D:\DEV\Java\Mario\build\classes\java\main;D:\DEV\Java\Mario\build\resources\main;C:\Users\Jishan Ahamed\.gradle\caches\modules-2\files-2.1\org.lwjgl\lwjgl-assimp\3.3.4\4651577de25afb21511c4b39e1ee3002ab1cad5d\lwjgl-assimp-3.3.4.jar;C:\Users\Jishan Ahamed\.gradle\caches\modules-2\files-2.1\org.lwjgl\lwjgl-assimp\3.3.4\65a7534e8a97b340c5e9716e15339b2b8964d656\lwjgl-assimp-3.3.4-natives-windows.jar;C:\Users\Jishan Ahamed\.gradle\caches\modules-2\files-2.1\org.lwjgl\lwjgl-glfw\3.3.4\7e46ecdec85db8738053cfde1414352cd62dab74\lwjgl-glfw-3.3.4.jar;C:\Users\Jishan Ahamed\.gradle\caches\modules-2\files-2.1\org.lwjgl\lwjgl-glfw\3.3.4\370ef92d15819a123c643dd2b0fc3a2d40bb263c\lwjgl-glfw-3.3.4-natives-windows.jar;C:\Users\Jishan Ahamed\.gradle\caches\modules-2\files-2.1\org.lwjgl\lwjgl-nfd\3.3.4\176827b812b331189e36d4879926f50f4fc37b50\lwjgl-nfd-3.3.4.jar;C:\Users\Jishan Ahamed\.gradle\caches\modules-2\files-2.1\org.lwjgl\lwjgl-nfd\3.3.4\f67e276de66b5666322c6cbc7772786de99634bf\lwjgl-nfd-3.3.4-natives-windows.jar;C:\Users\Jishan Ahamed\.gradle\caches\modules-2\files-2.1\org.lwjgl\lwjgl-openal\3.3.4\9b74d3ea380c83353d42af43ad9659e04dabe84a\lwjgl-openal-3.3.4.jar;C:\Users\Jishan Ahamed\.gradle\caches\modules-2\files-2.1\org.lwjgl\lwjgl-openal\3.3.4\c4de8af803aacda71044418095a71cd63b569a15\lwjgl-openal-3.3.4-natives-windows.jar;C:\Users\Jishan Ahamed\.gradle\caches\modules-2\files-2.1\org.lwjgl\lwjgl-opengl\3.3.4\2852ac7d9f6fc71349f1ce28e2708ff1977f18af\lwjgl-opengl-3.3.4.jar;C:\Users\Jishan Ahamed\.gradle\caches\modules-2\files-2.1\org.lwjgl\lwjgl-opengl\3.3.4\f7ca4e75573a9ce83075bd86bc8a3e49ff106696\lwjgl-opengl-3.3.4-natives-windows.jar;C:\Users\Jishan Ahamed\.gradle\caches\modules-2\files-2.1\org.lwjgl\lwjgl-stb\3.3.4\5821735d5ef23f6da8542887344e57eb181b7cac\lwjgl-stb-3.3.4.jar;C:\Users\Jishan Ahamed\.gradle\caches\modules-2\files-2.1\org.lwjgl\lwjgl-stb\3.3.4\8310e565463ec8d369528e8b26a9b1518d079a01\lwjgl-stb-3.3.4-natives-windows.jar;C:\Users\Jishan Ahamed\.gradle\caches\modules-2\files-2.1\org.lwjgl\lwjgl\3.3.4\b86c3e4832426e8a6b466013b7cb34b40e9ce956\lwjgl-3.3.4.jar;C:\Users\Jishan Ahamed\.gradle\caches\modules-2\files-2.1\org.lwjgl\lwjgl\3.3.4\dd0927c1348cdcd9573fa24b7278ec1ac2bb0a76\lwjgl-3.3.4-natives-windows.jar;C:\Users\Jishan Ahamed\.gradle\caches\modules-2\files-2.1\org.joml\joml\1.10.7\f8c3f2e7db281bde099342dd36133de4bbba390c\joml-1.10.7.jar;C:\Users\Jishan Ahamed\.gradle\caches\modules-2\files-2.1\org.jetbrains.kotlin\kotlin-stdlib-jdk8\1.8.20\73576ddf378c5b4f1f6b449fe6b119b8183fc078\kotlin-stdlib-jdk8-1.8.20.jar;C:\Users\Jishan Ahamed\.gradle\caches\modules-2\files-2.1\org.jetbrains.kotlin\kotlin-stdlib-jdk7\1.8.20\3aa51faf20aae8b31e1a4bc54f8370673d7b7df4\kotlin-stdlib-jdk7-1.8.20.jar;C:\Users\Jishan Ahamed\.gradle\caches\modules-2\files-2.1\org.jetbrains.kotlin\kotlin-stdlib\1.8.20\e72fc5e03ec6c064c678a6bd0d955c88d55b0c4a\kotlin-stdlib-1.8.20.jar;C:\Users\Jishan Ahamed\.gradle\caches\modules-2\files-2.1\org.jetbrains.kotlin\kotlin-stdlib-common\1.8.20\5eddaaf234c8c49d03eebeb6a14feb7f90faca71\kotlin-stdlib-common-1.8.20.jar;C:\Users\Jishan Ahamed\.gradle\caches\modules-2\files-2.1\org.jetbrains\annotations\13.0\919f0dfe192fb4e063e7dacadee7f8bb9a2672a9\annotations-13.0.jar
Launcher Type: SUN_STANDARD

[Global flags]
     intx CICompilerCount                          = 4                                         {product} {ergonomic}
     uint ConcGCThreads                            = 3                                         {product} {ergonomic}
     uint G1ConcRefinementThreads                  = 10                                        {product} {ergonomic}
   size_t G1HeapRegionSize                         = 2097152                                   {product} {ergonomic}
    uintx GCDrainStackTargetSize                   = 64                                        {product} {ergonomic}
   size_t InitialHeapSize                          = 266338304                                 {product} {ergonomic}
   size_t MarkStackSize                            = 4194304                                   {product} {ergonomic}
   size_t MaxHeapSize                              = 4238344192                                {product} {ergonomic}
   size_t MaxNewSize                               = 2541748224                                {product} {ergonomic}
   size_t MinHeapDeltaBytes                        = 2097152                                   {product} {ergonomic}
   size_t MinHeapSize                              = 8388608                                   {product} {ergonomic}
    uintx NonNMethodCodeHeapSize                   = 5839372                                {pd product} {ergonomic}
    uintx NonProfiledCodeHeapSize                  = 122909434                              {pd product} {ergonomic}
    uintx ProfiledCodeHeapSize                     = 122909434                              {pd product} {ergonomic}
    uintx ReservedCodeCacheSize                    = 251658240                              {pd product} {ergonomic}
     bool SegmentedCodeCache                       = true                                      {product} {ergonomic}
   size_t SoftMaxHeapSize                          = 4238344192                             {manageable} {ergonomic}
     bool UseCompressedOops                        = true                           {product lp64_product} {ergonomic}
     bool UseG1GC                                  = true                                      {product} {ergonomic}
     bool UseLargePagesIndividualAllocation        = false                                  {pd product} {ergonomic}

Logging:
Log output configuration:
 #0: stdout all=warning uptime,level,tags foldmultilines=false
 #1: stderr all=off uptime,level,tags foldmultilines=false

Environment Variables:
PATH=C:\Program Files\Eclipse Adoptium\jdk-21.0.4.7-hotspot\bin;C:\Windows\system32;C:\Windows;C:\Windows\System32\Wbem;C:\Windows\System32\WindowsPowerShell\v1.0\;C:\Windows\System32\OpenSSH\;C:\Program Files (x86)\NVIDIA Corporation\PhysX\Common;C:\Program Files\NVIDIA Corporation\NVIDIA NvDLISR;C:\WINDOWS\system32;C:\WINDOWS;C:\WINDOWS\System32\Wbem;C:\WINDOWS\System32\WindowsPowerShell\v1.0\;C:\WINDOWS\System32\OpenSSH\;C:\Program Files\dotnet\;C:\Program Files\Git\cmd;C:\Program Files (x86)\Windows Kits\10\Windows Performance Toolkit\;C:\Program Files\CMake\bin;C:\Users\Jishan Ahamed\AppData\Local\Microsoft\WindowsApps;C:\Users\Jishan Ahamed\AppData\Local\Programs\Microsoft VS Code\bin;C:\Users\Jishan Ahamed\.dotnet\tools;C:\msys64\ucrt64\bin;C:\Program Files\Premake;
USERNAME=Jishan Ahamed
OS=Windows_NT
PROCESSOR_IDENTIFIER=Intel64 Family 6 Model 141 Stepping 1, GenuineIntel
TMP=C:\Users\JISHAN~1\AppData\Local\Temp
TEMP=C:\Users\JISHAN~1\AppData\Local\Temp




Periodic native trim disabled

---------------  S Y S T E M  ---------------

OS:
 Windows 11 , 64 bit Build 22621 (10.0.22621.3958)
OS uptime: 4 days 1:22 hours
Hyper-V role detected

CPU: total 12 (initial active 12) (6 cores per cpu, 2 threads per core) family 6 model 141 stepping 1 microcode 0x3c, cx8, cmov, fxsr, ht, mmx, 3dnowpref, sse, sse2, sse3, ssse3, sse4.1, sse4.2, popcnt, lzcnt, tsc, tscinvbit, avx, avx2, aes, erms, clmul, bmi1, bmi2, adx, avx512f, avx512dq, avx512cd, avx512bw, avx512vl, sha, fma, vzeroupper, avx512_vpopcntdq, avx512_vpclmulqdq, avx512_vaes, avx512_vnni, clflush, clflushopt, clwb, avx512_vbmi2, avx512_vbmi, hv, rdtscp, rdpid, fsrm, gfni, avx512_bitalg, f16c, cet_ibt, cet_ss, avx512_ifma
Processor Information for all 12 processors :
  Max Mhz: 2688, Current Mhz: 2688, Mhz Limit: 2688

Memory: 4k page, system-wide physical 16163M (8076M free)
TotalPageFile size 24867M (AvailPageFile size 15022M)
current process WorkingSet (physical memory assigned to process): 147M, peak: 147M
current process commit charge ("private bytes"): 389M, peak: 389M

vm_info: OpenJDK 64-Bit Server VM (21.0.4+7-LTS) for windows-amd64 JRE (21.0.4+7-LTS), built on 2024-07-16T00:00:00Z by "admin" with MS VC++ 17.7 (VS2022)

END.
